0 verbose cli /usr/local/bin/node /usr/local/bin/npm
1 info using npm@11.6.2
2 info using node@v24.11.1
3 silly config load:file:/usr/local/lib/node_modules/npm/npmrc
4 silly config load:file:/Users/karelsovis/CursorBuilds/ClassCal_v2/.npmrc
5 silly config load:file:/Users/karelsovis/.npmrc
6 silly config load:file:/usr/local/etc/npmrc
7 verbose title npm uninstall @hookform/resolvers @radix-ui/react-accordion @radix-ui/react-dropdown-menu @radix-ui/react-slider react-hook-form zod
8 verbose argv "uninstall" "@hookform/resolvers" "@radix-ui/react-accordion" "@radix-ui/react-dropdown-menu" "@radix-ui/react-slider" "react-hook-form" "zod" "--cache" ".npm-cache"
9 verbose logfile logs-max:10 dir:/Users/karelsovis/CursorBuilds/ClassCal_v2/.npm-cache/_logs/2026-01-15T16_27_23_227Z-
10 verbose logfile /Users/karelsovis/CursorBuilds/ClassCal_v2/.npm-cache/_logs/2026-01-15T16_27_23_227Z-debug-0.log
11 silly logfile done cleaning log files
12 silly packumentCache heap:4496293888 maxSize:1124073472 maxEntrySize:562036736
13 verbose shrinkwrap failed to load node_modules/.package-lock.json out of date, updated: node_modules
14 silly idealTree buildDeps
15 silly reify mark retired [
15 silly reify   '/Users/karelsovis/CursorBuilds/ClassCal_v2/node_modules/react-hook-form'
15 silly reify ]
16 silly reify mark retired [
16 silly reify   '/Users/karelsovis/CursorBuilds/ClassCal_v2/node_modules/@hookform/resolvers'
16 silly reify ]
17 silly reify mark retired [
17 silly reify   '/Users/karelsovis/CursorBuilds/ClassCal_v2/node_modules/@radix-ui/react-collapsible'
17 silly reify ]
18 silly reify mark retired [
18 silly reify   '/Users/karelsovis/CursorBuilds/ClassCal_v2/node_modules/@radix-ui/react-accordion'
18 silly reify ]
19 silly reify mark retired [
19 silly reify   '/Users/karelsovis/CursorBuilds/ClassCal_v2/node_modules/@radix-ui/react-dropdown-menu'
19 silly reify ]
20 silly reify mark retired [
20 silly reify   '/Users/karelsovis/CursorBuilds/ClassCal_v2/node_modules/@radix-ui/react-menu'
20 silly reify ]
21 silly reify mark retired [
21 silly reify   '/Users/karelsovis/CursorBuilds/ClassCal_v2/node_modules/@radix-ui/react-slider'
21 silly reify ]
22 silly reify mark retired [
22 silly reify   '/Users/karelsovis/CursorBuilds/ClassCal_v2/node_modules/@standard-schema/utils'
22 silly reify ]
23 silly reify moves {
23 silly reify   '/Users/karelsovis/CursorBuilds/ClassCal_v2/node_modules/react-hook-form': '/Users/karelsovis/CursorBuilds/ClassCal_v2/node_modules/.react-hook-form-EueAgLn4',
23 silly reify   '/Users/karelsovis/CursorBuilds/ClassCal_v2/node_modules/@hookform/resolvers': '/Users/karelsovis/CursorBuilds/ClassCal_v2/node_modules/@hookform/.resolvers-TZD2W85v',
23 silly reify   '/Users/karelsovis/CursorBuilds/ClassCal_v2/node_modules/@radix-ui/react-collapsible': '/Users/karelsovis/CursorBuilds/ClassCal_v2/node_modules/@radix-ui/.react-collapsible-FiybcS2w',
23 silly reify   '/Users/karelsovis/CursorBuilds/ClassCal_v2/node_modules/@radix-ui/react-accordion': '/Users/karelsovis/CursorBuilds/ClassCal_v2/node_modules/@radix-ui/.react-accordion-lDqX89rP',
23 silly reify   '/Users/karelsovis/CursorBuilds/ClassCal_v2/node_modules/@radix-ui/react-dropdown-menu': '/Users/karelsovis/CursorBuilds/ClassCal_v2/node_modules/@radix-ui/.react-dropdown-menu-NgeGfzZ2',
23 silly reify   '/Users/karelsovis/CursorBuilds/ClassCal_v2/node_modules/@radix-ui/react-menu': '/Users/karelsovis/CursorBuilds/ClassCal_v2/node_modules/@radix-ui/.react-menu-tZ9vJh5Y',
23 silly reify   '/Users/karelsovis/CursorBuilds/ClassCal_v2/node_modules/@radix-ui/react-slider': '/Users/karelsovis/CursorBuilds/ClassCal_v2/node_modules/@radix-ui/.react-slider-zVM4v5tH',
23 silly reify   '/Users/karelsovis/CursorBuilds/ClassCal_v2/node_modules/@standard-schema/utils': '/Users/karelsovis/CursorBuilds/ClassCal_v2/node_modules/@standard-schema/.utils-CkRUtiRE'
23 silly reify }
24 silly audit bulk request {
24 silly audit   '@alloc/quick-lru': [ '5.2.0' ],
24 silly audit   '@babel/code-frame': [ '7.27.1' ],
24 silly audit   '@babel/compat-data': [ '7.28.5' ],
24 silly audit   '@babel/core': [ '7.28.5' ],
24 silly audit   '@babel/generator': [ '7.28.5' ],
24 silly audit   '@babel/helper-compilation-targets': [ '7.27.2' ],
24 silly audit   '@babel/helper-globals': [ '7.28.0' ],
24 silly audit   '@babel/helper-module-imports': [ '7.27.1' ],
24 silly audit   '@babel/helper-module-transforms': [ '7.28.3' ],
24 silly audit   '@babel/helper-string-parser': [ '7.27.1' ],
24 silly audit   '@babel/helper-validator-identifier': [ '7.28.5' ],
24 silly audit   '@babel/helper-validator-option': [ '7.27.1' ],
24 silly audit   '@babel/helpers': [ '7.28.4' ],
24 silly audit   '@babel/parser': [ '7.28.5' ],
24 silly audit   '@babel/template': [ '7.27.2' ],
24 silly audit   '@babel/traverse': [ '7.28.5' ],
24 silly audit   '@babel/types': [ '7.28.5' ],
24 silly audit   '@bufbuild/protobuf': [ '1.10.1' ],
24 silly audit   '@date-fns/tz': [ '1.4.1' ],
24 silly audit   '@emnapi/core': [ '1.7.1' ],
24 silly audit   '@emnapi/runtime': [ '1.7.1' ],
24 silly audit   '@emnapi/wasi-threads': [ '1.1.0' ],
24 silly audit   '@eslint-community/eslint-utils': [ '4.9.0' ],
24 silly audit   'eslint-visitor-keys': [ '3.4.3', '4.2.1' ],
24 silly audit   '@eslint-community/regexpp': [ '4.12.2' ],
24 silly audit   '@eslint/config-array': [ '0.21.1' ],
24 silly audit   '@eslint/config-helpers': [ '0.4.2' ],
24 silly audit   '@eslint/core': [ '0.17.0' ],
24 silly audit   '@eslint/eslintrc': [ '3.3.3' ],
24 silly audit   '@eslint/js': [ '9.39.1' ],
24 silly audit   '@eslint/object-schema': [ '2.1.7' ],
24 silly audit   '@eslint/plugin-kit': [ '0.4.1' ],
24 silly audit   '@floating-ui/core': [ '1.7.3' ],
24 silly audit   '@floating-ui/dom': [ '1.7.4' ],
24 silly audit   '@floating-ui/react-dom': [ '2.1.6' ],
24 silly audit   '@floating-ui/utils': [ '0.2.10' ],
24 silly audit   '@fullcalendar/core': [ '6.1.19' ],
24 silly audit   '@fullcalendar/daygrid': [ '6.1.19' ],
24 silly audit   '@fullcalendar/interaction': [ '6.1.19' ],
24 silly audit   '@fullcalendar/react': [ '6.1.19' ],
24 silly audit   '@fullcalendar/timegrid': [ '6.1.19' ],
24 silly audit   '@humanfs/core': [ '0.19.1' ],
24 silly audit   '@humanfs/node': [ '0.16.7' ],
24 silly audit   '@humanwhocodes/module-importer': [ '1.0.1' ],
24 silly audit   '@humanwhocodes/retry': [ '0.4.3' ],
24 silly audit   '@img/colour': [ '1.0.0' ],
24 silly audit   '@img/sharp-darwin-arm64': [ '0.34.5' ],
24 silly audit   '@img/sharp-darwin-x64': [ '0.34.5' ],
24 silly audit   '@img/sharp-libvips-darwin-arm64': [ '1.2.4' ],
24 silly audit   '@img/sharp-libvips-darwin-x64': [ '1.2.4' ],
24 silly audit   '@img/sharp-libvips-linux-arm': [ '1.2.4' ],
24 silly audit   '@img/sharp-libvips-linux-arm64': [ '1.2.4' ],
24 silly audit   '@img/sharp-libvips-linux-ppc64': [ '1.2.4' ],
24 silly audit   '@img/sharp-libvips-linux-riscv64': [ '1.2.4' ],
24 silly audit   '@img/sharp-libvips-linux-s390x': [ '1.2.4' ],
24 silly audit   '@img/sharp-libvips-linux-x64': [ '1.2.4' ],
24 silly audit   '@img/sharp-libvips-linuxmusl-arm64': [ '1.2.4' ],
24 silly audit   '@img/sharp-libvips-linuxmusl-x64': [ '1.2.4' ],
24 silly audit   '@img/sharp-linux-arm': [ '0.34.5' ],
24 silly audit   '@img/sharp-linux-arm64': [ '0.34.5' ],
24 silly audit   '@img/sharp-linux-ppc64': [ '0.34.5' ],
24 silly audit   '@img/sharp-linux-riscv64': [ '0.34.5' ],
24 silly audit   '@img/sharp-linux-s390x': [ '0.34.5' ],
24 silly audit   '@img/sharp-linux-x64': [ '0.34.5' ],
24 silly audit   '@img/sharp-linuxmusl-arm64': [ '0.34.5' ],
24 silly audit   '@img/sharp-linuxmusl-x64': [ '0.34.5' ],
24 silly audit   '@img/sharp-wasm32': [ '0.34.5' ],
24 silly audit   '@img/sharp-win32-arm64': [ '0.34.5' ],
24 silly audit   '@img/sharp-win32-ia32': [ '0.34.5' ],
24 silly audit   '@img/sharp-win32-x64': [ '0.34.5' ],
24 silly audit   '@jridgewell/gen-mapping': [ '0.3.13' ],
24 silly audit   '@jridgewell/remapping': [ '2.3.5' ],
24 silly audit   '@jridgewell/resolve-uri': [ '3.1.2' ],
24 silly audit   '@jridgewell/sourcemap-codec': [ '1.5.5' ],
24 silly audit   '@jridgewell/trace-mapping': [ '0.3.31' ],
24 silly audit   '@livekit/components-core': [ '0.12.12' ],
24 silly audit   '@livekit/components-react': [ '2.9.17' ],
24 silly audit   '@livekit/components-styles': [ '1.2.0' ],
24 silly audit   '@livekit/mutex': [ '1.1.1' ],
24 silly audit   '@livekit/protocol': [ '1.42.2', '1.43.4' ],
24 silly audit   '@napi-rs/wasm-runtime': [ '0.2.12', '1.1.1' ],
24 silly audit   '@next/env': [ '16.0.7' ],
24 silly audit   '@next/eslint-plugin-next': [ '16.0.6' ],
24 silly audit   '@next/swc-darwin-arm64': [ '16.0.7' ],
24 silly audit   '@next/swc-darwin-x64': [ '16.0.7' ],
24 silly audit   '@next/swc-linux-arm64-gnu': [ '16.0.7' ],
24 silly audit   '@next/swc-linux-arm64-musl': [ '16.0.7' ],
24 silly audit   '@next/swc-linux-x64-gnu': [ '16.0.7' ],
24 silly audit   '@next/swc-linux-x64-musl': [ '16.0.7' ],
24 silly audit   '@next/swc-win32-arm64-msvc': [ '16.0.7' ],
24 silly audit   '@next/swc-win32-x64-msvc': [ '16.0.7' ],
24 silly audit   '@nodelib/fs.scandir': [ '2.1.5' ],
24 silly audit   '@nodelib/fs.stat': [ '2.0.5' ],
24 silly audit   '@nodelib/fs.walk': [ '1.2.8' ],
24 silly audit   '@nolyfill/is-core-module': [ '1.0.39' ],
24 silly audit   '@oxc-resolver/binding-android-arm-eabi': [ '11.16.3' ],
24 silly audit   '@oxc-resolver/binding-android-arm64': [ '11.16.3' ],
24 silly audit   '@oxc-resolver/binding-darwin-arm64': [ '11.16.3' ],
24 silly audit   '@oxc-resolver/binding-darwin-x64': [ '11.16.3' ],
24 silly audit   '@oxc-resolver/binding-freebsd-x64': [ '11.16.3' ],
24 silly audit   '@oxc-resolver/binding-linux-arm-gnueabihf': [ '11.16.3' ],
24 silly audit   '@oxc-resolver/binding-linux-arm-musleabihf': [ '11.16.3' ],
24 silly audit   '@oxc-resolver/binding-linux-arm64-gnu': [ '11.16.3' ],
24 silly audit   '@oxc-resolver/binding-linux-arm64-musl': [ '11.16.3' ],
24 silly audit   '@oxc-resolver/binding-linux-ppc64-gnu': [ '11.16.3' ],
24 silly audit   '@oxc-resolver/binding-linux-riscv64-gnu': [ '11.16.3' ],
24 silly audit   '@oxc-resolver/binding-linux-riscv64-musl': [ '11.16.3' ],
24 silly audit   '@oxc-resolver/binding-linux-s390x-gnu': [ '11.16.3' ],
24 silly audit   '@oxc-resolver/binding-linux-x64-gnu': [ '11.16.3' ],
24 silly audit   '@oxc-resolver/binding-linux-x64-musl': [ '11.16.3' ],
24 silly audit   '@oxc-resolver/binding-openharmony-arm64': [ '11.16.3' ],
24 silly audit   '@oxc-resolver/binding-wasm32-wasi': [ '11.16.3' ],
24 silly audit   '@oxc-resolver/binding-win32-arm64-msvc': [ '11.16.3' ],
24 silly audit   '@oxc-resolver/binding-win32-ia32-msvc': [ '11.16.3' ],
24 silly audit   '@oxc-resolver/binding-win32-x64-msvc': [ '11.16.3' ],
24 silly audit   '@radix-ui/number': [ '1.1.1' ],
24 silly audit   '@radix-ui/primitive': [ '1.1.3' ],
24 silly audit   '@radix-ui/react-arrow': [ '1.1.7' ],
24 silly audit   '@radix-ui/react-avatar': [ '1.1.11' ],
24 silly audit   '@radix-ui/react-context': [ '1.1.3', '1.1.2' ],
24 silly audit   '@radix-ui/react-primitive': [ '2.1.4', '2.1.3' ],
24 silly audit   '@radix-ui/react-checkbox': [ '1.3.3' ],
24 silly audit   '@radix-ui/react-collection': [ '1.1.7' ],
24 silly audit   '@radix-ui/react-slot': [ '1.2.3', '1.2.4' ],
24 silly audit   '@radix-ui/react-compose-refs': [ '1.1.2' ],
24 silly audit   '@radix-ui/react-dialog': [ '1.1.15' ],
24 silly audit   '@radix-ui/react-direction': [ '1.1.1' ],
24 silly audit   '@radix-ui/react-dismissable-layer': [ '1.1.11' ],
24 silly audit   '@radix-ui/react-focus-guards': [ '1.1.3' ],
24 silly audit   '@radix-ui/react-focus-scope': [ '1.1.7' ],
24 silly audit   '@radix-ui/react-id': [ '1.1.1' ],
24 silly audit   '@radix-ui/react-label': [ '2.1.8' ],
24 silly audit   '@radix-ui/react-popover': [ '1.1.15' ],
24 silly audit   '@radix-ui/react-popper': [ '1.2.8' ],
24 silly audit   '@radix-ui/react-portal': [ '1.1.9' ],
24 silly audit   '@radix-ui/react-presence': [ '1.1.5' ],
24 silly audit   '@radix-ui/react-roving-focus': [ '1.1.11' ],
24 silly audit   '@radix-ui/react-scroll-area': [ '1.2.10' ],
24 silly audit   '@radix-ui/react-select': [ '2.2.6' ],
24 silly audit   '@radix-ui/react-separator': [ '1.1.8' ],
24 silly audit   '@radix-ui/react-switch': [ '1.2.6' ],
24 silly audit   '@radix-ui/react-tabs': [ '1.1.13' ],
24 silly audit   '@radix-ui/react-tooltip': [ '1.2.8' ],
24 silly audit   '@radix-ui/react-use-callback-ref': [ '1.1.1' ],
24 silly audit   '@radix-ui/react-use-controllable-state': [ '1.2.2' ],
24 silly audit   '@radix-ui/react-use-effect-event': [ '0.0.2' ],
24 silly audit   '@radix-ui/react-use-escape-keydown': [ '1.1.1' ],
24 silly audit   '@radix-ui/react-use-is-hydrated': [ '0.1.0' ],
24 silly audit   '@radix-ui/react-use-layout-effect': [ '1.1.1' ],
24 silly audit   '@radix-ui/react-use-previous': [ '1.1.1' ],
24 silly audit   '@radix-ui/react-use-rect': [ '1.1.1' ],
24 silly audit   '@radix-ui/react-use-size': [ '1.1.1' ],
24 silly audit   '@radix-ui/react-visually-hidden': [ '1.2.3' ],
24 silly audit   '@radix-ui/rect': [ '1.1.1' ],
24 silly audit   '@rtsao/scc': [ '1.1.0' ],
24 silly audit   '@supabase/auth-js': [ '2.86.0' ],
24 silly audit   '@supabase/functions-js': [ '2.86.0' ],
24 silly audit   '@supabase/postgrest-js': [ '2.86.0' ],
24 silly audit   '@supabase/realtime-js': [ '2.86.0' ],
24 silly audit   '@supabase/ssr': [ '0.8.0' ],
24 silly audit   '@supabase/storage-js': [ '2.86.0' ],
24 silly audit   '@supabase/supabase-js': [ '2.86.0' ],
24 silly audit   '@swc/helpers': [ '0.5.15' ],
24 silly audit   '@tailwindcss/node': [ '4.1.17' ],
24 silly audit   '@tailwindcss/oxide': [ '4.1.17' ],
24 silly audit   '@tailwindcss/oxide-android-arm64': [ '4.1.17' ],
24 silly audit   '@tailwindcss/oxide-darwin-arm64': [ '4.1.17' ],
24 silly audit   '@tailwindcss/oxide-darwin-x64': [ '4.1.17' ],
24 silly audit   '@tailwindcss/oxide-freebsd-x64': [ '4.1.17' ],
24 silly audit   '@tailwindcss/oxide-linux-arm-gnueabihf': [ '4.1.17' ],
24 silly audit   '@tailwindcss/oxide-linux-arm64-gnu': [ '4.1.17' ],
24 silly audit   '@tailwindcss/oxide-linux-arm64-musl': [ '4.1.17' ],
24 silly audit   '@tailwindcss/oxide-linux-x64-gnu': [ '4.1.17' ],
24 silly audit   '@tailwindcss/oxide-linux-x64-musl': [ '4.1.17' ],
24 silly audit   '@tailwindcss/oxide-wasm32-wasi': [ '4.1.17' ],
24 silly audit   '@tailwindcss/oxide-win32-arm64-msvc': [ '4.1.17' ],
24 silly audit   '@tailwindcss/oxide-win32-x64-msvc': [ '4.1.17' ],
24 silly audit   '@tailwindcss/postcss': [ '4.1.17' ],
24 silly audit   '@tanstack/query-core': [ '5.90.11' ],
24 silly audit   '@tanstack/react-query': [ '5.90.11' ],
24 silly audit   '@ts-morph/common': [ '0.12.3' ],
24 silly audit   '@tybys/wasm-util': [ '0.10.1' ],
24 silly audit   '@types/dom-mediacapture-record': [ '1.0.22' ],
24 silly audit   '@types/estree': [ '1.0.8' ],
24 silly audit   '@types/json-schema': [ '7.0.15' ],
24 silly audit   '@types/json5': [ '0.0.29' ],
24 silly audit   '@types/node': [ '20.19.25' ],
24 silly audit   '@types/parse-json': [ '4.0.2' ],
24 silly audit   '@types/phoenix': [ '1.6.6' ],
24 silly audit   '@types/react': [ '19.2.7' ],
24 silly audit   '@types/react-dom': [ '19.2.3' ],
24 silly audit   '@types/ws': [ '8.18.1' ],
24 silly audit   '@typescript-eslint/eslint-plugin': [ '8.48.1' ],
24 silly audit   ignore: [ '7.0.5', '5.3.2' ],
24 silly audit   '@typescript-eslint/parser': [ '8.48.1' ],
24 silly audit   '@typescript-eslint/project-service': [ '8.48.1' ],
24 silly audit   '@typescript-eslint/scope-manager': [ '8.48.1' ],
24 silly audit   '@typescript-eslint/tsconfig-utils': [ '8.48.1' ],
24 silly audit   '@typescript-eslint/type-utils': [ '8.48.1' ],
24 silly audit   '@typescript-eslint/types': [ '8.48.1' ],
24 silly audit   '@typescript-eslint/typescript-estree': [ '8.48.1' ],
24 silly audit   'brace-expansion': [ '2.0.2', '1.1.12' ],
24 silly audit   minimatch: [ '9.0.5', '3.1.2' ],
24 silly audit   semver: [ '7.7.3', '6.3.1' ],
24 silly audit   '@typescript-eslint/utils': [ '8.48.1' ],
24 silly audit   '@typescript-eslint/visitor-keys': [ '8.48.1' ],
24 silly audit   '@unrs/resolver-binding-android-arm-eabi': [ '1.11.1' ],
24 silly audit   '@unrs/resolver-binding-android-arm64': [ '1.11.1' ],
24 silly audit   '@unrs/resolver-binding-darwin-arm64': [ '1.11.1' ],
24 silly audit   '@unrs/resolver-binding-darwin-x64': [ '1.11.1' ],
24 silly audit   '@unrs/resolver-binding-freebsd-x64': [ '1.11.1' ],
24 silly audit   '@unrs/resolver-binding-linux-arm-gnueabihf': [ '1.11.1' ],
24 silly audit   '@unrs/resolver-binding-linux-arm-musleabihf': [ '1.11.1' ],
24 silly audit   '@unrs/resolver-binding-linux-arm64-gnu': [ '1.11.1' ],
24 silly audit   '@unrs/resolver-binding-linux-arm64-musl': [ '1.11.1' ],
24 silly audit   '@unrs/resolver-binding-linux-ppc64-gnu': [ '1.11.1' ],
24 silly audit   '@unrs/resolver-binding-linux-riscv64-gnu': [ '1.11.1' ],
24 silly audit   '@unrs/resolver-binding-linux-riscv64-musl': [ '1.11.1' ],
24 silly audit   '@unrs/resolver-binding-linux-s390x-gnu': [ '1.11.1' ],
24 silly audit   '@unrs/resolver-binding-linux-x64-gnu': [ '1.11.1' ],
24 silly audit   '@unrs/resolver-binding-linux-x64-musl': [ '1.11.1' ],
24 silly audit   '@unrs/resolver-binding-wasm32-wasi': [ '1.11.1' ],
24 silly audit   '@unrs/resolver-binding-win32-arm64-msvc': [ '1.11.1' ],
24 silly audit   '@unrs/resolver-binding-win32-ia32-msvc': [ '1.11.1' ],
24 silly audit   '@unrs/resolver-binding-win32-x64-msvc': [ '1.11.1' ],
24 silly audit   acorn: [ '8.15.0' ],
24 silly audit   'acorn-jsx': [ '5.3.2' ],
24 silly audit   ajv: [ '6.12.6' ],
24 silly audit   'ansi-styles': [ '4.3.0' ],
24 silly audit   argparse: [ '2.0.1' ],
24 silly audit   'aria-hidden': [ '1.2.6' ],
24 silly audit   'aria-query': [ '5.3.2' ],
24 silly audit   'array-buffer-byte-length': [ '1.0.2' ],
24 silly audit   'array-includes': [ '3.1.9' ],
24 silly audit   'array.prototype.findlast': [ '1.2.5' ],
24 silly audit   'array.prototype.findlastindex': [ '1.2.6' ],
24 silly audit   'array.prototype.flat': [ '1.3.3' ],
24 silly audit   'array.prototype.flatmap': [ '1.3.3' ],
24 silly audit   'array.prototype.tosorted': [ '1.1.4' ],
24 silly audit   'arraybuffer.prototype.slice': [ '1.0.4' ],
24 silly audit   'ast-types-flow': [ '0.0.8' ],
24 silly audit   'async-function': [ '1.0.0' ],
24 silly audit   'available-typed-arrays': [ '1.0.7' ],
24 silly audit   'axe-core': [ '4.11.0' ],
24 silly audit   'axobject-query': [ '4.1.0' ],
24 silly audit   'balanced-match': [ '1.0.2' ],
24 silly audit   'baseline-browser-mapping': [ '2.8.32' ],
24 silly audit   braces: [ '3.0.3' ],
24 silly audit   browserslist: [ '4.28.0' ],
24 silly audit   'call-bind': [ '1.0.8' ],
24 silly audit   'call-bind-apply-helpers': [ '1.0.2' ],
24 silly audit   'call-bound': [ '1.0.4' ],
24 silly audit   callsites: [ '3.1.0' ],
24 silly audit   camelcase: [ '8.0.0' ],
24 silly audit   'camelcase-keys': [ '9.1.3' ],
24 silly audit   'caniuse-lite': [ '1.0.30001757' ],
24 silly audit   chalk: [ '4.1.2' ],
24 silly audit   'class-variance-authority': [ '0.7.1' ],
24 silly audit   'client-only': [ '0.0.1' ],
24 silly audit   clsx: [ '2.1.1' ],
24 silly audit   cmdk: [ '1.1.1' ],
24 silly audit   'code-block-writer': [ '11.0.3' ],
24 silly audit   'color-convert': [ '2.0.1' ],
24 silly audit   'color-name': [ '1.1.4' ],
24 silly audit   commander: [ '6.2.1' ],
24 silly audit   'concat-map': [ '0.0.1' ],
24 silly audit   'convert-source-map': [ '2.0.0' ],
24 silly audit   cookie: [ '1.1.1' ],
24 silly audit   cosmiconfig: [ '7.1.0' ],
24 silly audit   'cross-spawn': [ '7.0.6' ],
24 silly audit   csstype: [ '3.2.3' ],
24 silly audit   'damerau-levenshtein': [ '1.0.8' ],
24 silly audit   'data-view-buffer': [ '1.0.2' ],
24 silly audit   'data-view-byte-length': [ '1.0.2' ],
24 silly audit   'data-view-byte-offset': [ '1.0.1' ],
24 silly audit   'date-fns': [ '4.1.0' ],
24 silly audit   'date-fns-jalali': [ '4.1.0-0' ],
24 silly audit   debug: [ '4.4.3', '3.2.7' ],
24 silly audit   'deep-is': [ '0.1.4' ],
24 silly audit   'define-data-property': [ '1.1.4' ],
24 silly audit   'define-properties': [ '1.2.1' ],
24 silly audit   'detect-libc': [ '2.1.2' ],
24 silly audit   'detect-node-es': [ '1.1.0' ],
24 silly audit   doctrine: [ '2.1.0' ],
24 silly audit   'dunder-proto': [ '1.0.1' ],
24 silly audit   'electron-to-chromium': [ '1.5.263' ],
24 silly audit   'emoji-regex': [ '9.2.2' ],
24 silly audit   'enhanced-resolve': [ '5.18.3' ],
24 silly audit   'error-ex': [ '1.3.4' ],
24 silly audit   'es-abstract': [ '1.24.0' ],
24 silly audit   'es-define-property': [ '1.0.1' ],
24 silly audit   'es-errors': [ '1.3.0' ],
24 silly audit   'es-iterator-helpers': [ '1.2.1' ],
24 silly audit   'es-object-atoms': [ '1.1.1' ],
24 silly audit   'es-set-tostringtag': [ '2.1.0' ],
24 silly audit   'es-shim-unscopables': [ '1.1.0' ],
24 silly audit   'es-to-primitive': [ '1.3.0' ],
24 silly audit   escalade: [ '3.2.0' ],
24 silly audit   'escape-string-regexp': [ '4.0.0' ],
24 silly audit   eslint: [ '9.39.1' ],
24 silly audit   'eslint-config-next': [ '16.0.6' ],
24 silly audit   globals: [ '16.4.0', '14.0.0' ],
24 silly audit   'eslint-import-resolver-node': [ '0.3.9' ],
24 silly audit   'eslint-import-resolver-typescript': [ '3.10.1' ],
24 silly audit   'eslint-module-utils': [ '2.12.1' ],
24 silly audit   'eslint-plugin-import': [ '2.32.0' ],
24 silly audit   'eslint-plugin-jsx-a11y': [ '6.10.2' ],
24 silly audit   'eslint-plugin-react': [ '7.37.5' ],
24 silly audit   'eslint-plugin-react-hooks': [ '7.0.1' ],
24 silly audit   resolve: [ '2.0.0-next.5', '1.22.11' ],
24 silly audit   'eslint-plugin-unused-imports': [ '4.3.0' ],
24 silly audit   'eslint-scope': [ '8.4.0' ],
24 silly audit   espree: [ '10.4.0' ],
24 silly audit   esquery: [ '1.6.0' ],
24 silly audit   esrecurse: [ '4.3.0' ],
24 silly audit   estraverse: [ '5.3.0' ],
24 silly audit   esutils: [ '2.0.3' ],
24 silly audit   events: [ '3.3.0' ],
24 silly audit   'fast-deep-equal': [ '3.1.3' ],
24 silly audit   'fast-glob': [ '3.3.1', '3.3.3' ],
24 silly audit   'glob-parent': [ '5.1.2', '6.0.2' ],
24 silly audit   'fast-json-stable-stringify': [ '2.1.0' ],
24 silly audit   'fast-levenshtein': [ '2.0.6' ],
24 silly audit   fastq: [ '1.19.1' ],
24 silly audit   'fd-package-json': [ '2.0.0' ],
24 silly audit   'file-entry-cache': [ '8.0.0' ],
24 silly audit   'fill-range': [ '7.1.1' ],
24 silly audit   'find-up': [ '5.0.0' ],
24 silly audit   'flat-cache': [ '4.0.1' ],
24 silly audit   flatted: [ '3.3.3' ],
24 silly audit   'for-each': [ '0.3.5' ],
24 silly audit   formatly: [ '0.3.0' ],
24 silly audit   'function-bind': [ '1.1.2' ],
24 silly audit   'function.prototype.name': [ '1.1.8' ],
24 silly audit   'functions-have-names': [ '1.2.3' ],
24 silly audit   geist: [ '1.5.1' ],
24 silly audit   'generator-function': [ '2.0.1' ],
24 silly audit   gensync: [ '1.0.0-beta.2' ],
24 silly audit   'get-intrinsic': [ '1.3.0' ],
24 silly audit   'get-nonce': [ '1.0.1' ],
24 silly audit   'get-proto': [ '1.0.1' ],
24 silly audit   'get-symbol-description': [ '1.1.0' ],
24 silly audit   'get-tsconfig': [ '4.13.0' ],
24 silly audit   globalthis: [ '1.0.4' ],
24 silly audit   gopd: [ '1.2.0' ],
24 silly audit   'graceful-fs': [ '4.2.11' ],
24 silly audit   graphemer: [ '1.4.0' ],
24 silly audit   'has-bigints': [ '1.1.0' ],
24 silly audit   'has-flag': [ '4.0.0' ],
24 silly audit   'has-property-descriptors': [ '1.0.2' ],
24 silly audit   'has-proto': [ '1.2.0' ],
24 silly audit   'has-symbols': [ '1.1.0' ],
24 silly audit   'has-tostringtag': [ '1.0.2' ],
24 silly audit   hasown: [ '2.0.2' ],
24 silly audit   'hermes-estree': [ '0.25.1' ],
24 silly audit   'hermes-parser': [ '0.25.1' ],
24 silly audit   'iceberg-js': [ '0.8.0' ],
24 silly audit   'import-fresh': [ '3.3.1' ],
24 silly audit   imurmurhash: [ '0.1.4' ],
24 silly audit   'internal-slot': [ '1.1.0' ],
24 silly audit   'is-array-buffer': [ '3.0.5' ],
24 silly audit   'is-arrayish': [ '0.2.1' ],
24 silly audit   'is-async-function': [ '2.1.1' ],
24 silly audit   'is-bigint': [ '1.1.0' ],
24 silly audit   'is-boolean-object': [ '1.2.2' ],
24 silly audit   'is-bun-module': [ '2.0.0' ],
24 silly audit   'is-callable': [ '1.2.7' ],
24 silly audit   'is-core-module': [ '2.16.1' ],
24 silly audit   'is-data-view': [ '1.0.2' ],
24 silly audit   'is-date-object': [ '1.1.0' ],
24 silly audit   'is-extglob': [ '2.1.1' ],
24 silly audit   'is-finalizationregistry': [ '1.1.1' ],
24 silly audit   'is-generator-function': [ '1.1.2' ],
24 silly audit   'is-glob': [ '4.0.3' ],
24 silly audit   'is-map': [ '2.0.3' ],
24 silly audit   'is-negative-zero': [ '2.0.3' ],
24 silly audit   'is-number': [ '7.0.0' ],
24 silly audit   'is-number-object': [ '1.1.1' ],
24 silly audit   'is-regex': [ '1.2.1' ],
24 silly audit   'is-set': [ '2.0.3' ],
24 silly audit   'is-shared-array-buffer': [ '1.0.4' ],
24 silly audit   'is-string': [ '1.1.1' ],
24 silly audit   'is-symbol': [ '1.1.1' ],
24 silly audit   'is-typed-array': [ '1.1.15' ],
24 silly audit   'is-weakmap': [ '2.0.2' ],
24 silly audit   'is-weakref': [ '1.1.1' ],
24 silly audit   'is-weakset': [ '2.0.4' ],
24 silly audit   isarray: [ '2.0.5' ],
24 silly audit   isexe: [ '2.0.0' ],
24 silly audit   'iterator.prototype': [ '1.1.5' ],
24 silly audit   jiti: [ '2.6.1' ],
24 silly audit   jose: [ '6.1.3', '5.10.0' ],
24 silly audit   'js-tokens': [ '4.0.0' ],
24 silly audit   'js-yaml': [ '4.1.1' ],
24 silly audit   jsesc: [ '3.1.0' ],
24 silly audit   'json-buffer': [ '3.0.1' ],
24 silly audit   'json-parse-even-better-errors': [ '2.3.1' ],
24 silly audit   'json-schema-traverse': [ '0.4.1' ],
24 silly audit   'json-stable-stringify-without-jsonify': [ '1.0.1' ],
24 silly audit   json5: [ '2.2.3', '1.0.2' ],
24 silly audit   'jsx-ast-utils': [ '3.3.5' ],
24 silly audit   keyv: [ '4.5.4' ],
24 silly audit   knip: [ '5.81.0' ],
24 silly audit   picomatch: [ '4.0.3', '2.3.1' ],
24 silly audit   'strip-json-comments': [ '5.0.3', '3.1.1' ],
24 silly audit   'language-subtag-registry': [ '0.3.23' ],
24 silly audit   'language-tags': [ '1.0.9' ],
24 silly audit   levn: [ '0.4.1' ],
24 silly audit   lightningcss: [ '1.30.2' ],
24 silly audit   'lightningcss-android-arm64': [ '1.30.2' ],
24 silly audit   'lightningcss-darwin-arm64': [ '1.30.2' ],
24 silly audit   'lightningcss-darwin-x64': [ '1.30.2' ],
24 silly audit   'lightningcss-freebsd-x64': [ '1.30.2' ],
24 silly audit   'lightningcss-linux-arm-gnueabihf': [ '1.30.2' ],
24 silly audit   'lightningcss-linux-arm64-gnu': [ '1.30.2' ],
24 silly audit   'lightningcss-linux-arm64-musl': [ '1.30.2' ],
24 silly audit   'lightningcss-linux-x64-gnu': [ '1.30.2' ],
24 silly audit   'lightningcss-linux-x64-musl': [ '1.30.2' ],
24 silly audit   'lightningcss-win32-arm64-msvc': [ '1.30.2' ],
24 silly audit   'lightningcss-win32-x64-msvc': [ '1.30.2' ],
24 silly audit   'lines-and-columns': [ '1.2.4' ],
24 silly audit   'livekit-client': [ '2.16.1' ],
24 silly audit   loglevel: [ '1.9.2', '1.9.1' ],
24 silly audit   'livekit-server-sdk': [ '2.15.0' ],
24 silly audit   'locate-path': [ '6.0.0' ],
24 silly audit   lodash: [ '4.17.21' ],
24 silly audit   'lodash.debounce': [ '4.0.8' ],
24 silly audit   'lodash.merge': [ '4.6.2' ],
24 silly audit   'loose-envify': [ '1.4.0' ],
24 silly audit   'lru-cache': [ '5.1.1' ],
24 silly audit   'lucide-react': [ '0.555.0' ],
24 silly audit   'magic-string': [ '0.30.21' ],
24 silly audit   'map-obj': [ '5.0.0' ],
24 silly audit   'math-intrinsics': [ '1.1.0' ],
24 silly audit   merge2: [ '1.4.1' ],
24 silly audit   micromatch: [ '4.0.8' ],
24 silly audit   minimist: [ '1.2.8' ],
24 silly audit   mkdirp: [ '1.0.4' ],
24 silly audit   ms: [ '2.1.3' ],
24 silly audit   nanoid: [ '3.3.11' ],
24 silly audit   'napi-postinstall': [ '0.3.4' ],
24 silly audit   'natural-compare': [ '1.4.0' ],
24 silly audit   next: [ '16.0.7' ],
24 silly audit   'next-themes': [ '0.4.6' ],
24 silly audit   postcss: [ '8.4.31', '8.5.6' ],
24 silly audit   'node-releases': [ '2.0.27' ],
24 silly audit   'object-assign': [ '4.1.1' ],
24 silly audit   'object-inspect': [ '1.13.4' ],
24 silly audit   'object-keys': [ '1.1.1' ],
24 silly audit   'object.assign': [ '4.1.7' ],
24 silly audit   'object.entries': [ '1.1.9' ],
24 silly audit   'object.fromentries': [ '2.0.8' ],
24 silly audit   'object.groupby': [ '1.0.3' ],
24 silly audit   'object.values': [ '1.2.1' ],
24 silly audit   optionator: [ '0.9.4' ],
24 silly audit   'own-keys': [ '1.0.1' ],
24 silly audit   'oxc-resolver': [ '11.16.3' ],
24 silly audit   'p-limit': [ '3.1.0' ],
24 silly audit   'p-locate': [ '5.0.0' ],
24 silly audit   'parent-module': [ '1.0.1' ],
24 silly audit   'parse-json': [ '5.2.0' ],
24 silly audit   'path-browserify': [ '1.0.1' ],
24 silly audit   'path-exists': [ '4.0.0' ],
24 silly audit   'path-key': [ '3.1.1' ],
24 silly audit   'path-parse': [ '1.0.7' ],
24 silly audit   'path-type': [ '4.0.0' ],
24 silly audit   picocolors: [ '1.1.1' ],
24 silly audit   'possible-typed-array-names': [ '1.1.0' ],
24 silly audit   preact: [ '10.12.1' ],
24 silly audit   'prelude-ls': [ '1.2.1' ],
24 silly audit   'prop-types': [ '15.8.1' ],
24 silly audit   punycode: [ '2.3.1' ],
24 silly audit   'queue-microtask': [ '1.2.3' ],
24 silly audit   'quick-lru': [ '6.1.2' ],
24 silly audit   react: [ '19.2.0' ],
24 silly audit   'react-day-picker': [ '9.11.3' ],
24 silly audit   'react-dom': [ '19.2.0' ],
24 silly audit   'react-is': [ '16.13.1' ],
24 silly audit   'react-remove-scroll': [ '2.7.2' ],
24 silly audit   'react-remove-scroll-bar': [ '2.3.8' ],
24 silly audit   'react-style-singleton': [ '2.2.3' ],
24 silly audit   'reflect.getprototypeof': [ '1.0.10' ],
24 silly audit   'regexp.prototype.flags': [ '1.5.4' ],
24 silly audit   'resolve-from': [ '4.0.0' ],
24 silly audit   'resolve-pkg-maps': [ '1.0.0' ],
24 silly audit   reusify: [ '1.1.0' ],
24 silly audit   'run-parallel': [ '1.2.0' ],
24 silly audit   rxjs: [ '7.8.2' ],
24 silly audit   'safe-array-concat': [ '1.1.3' ],
24 silly audit   'safe-push-apply': [ '1.0.0' ],
24 silly audit   'safe-regex-test': [ '1.1.0' ],
24 silly audit   scheduler: [ '0.27.0' ],
24 silly audit   sdp: [ '3.2.1' ],
24 silly audit   'sdp-transform': [ '2.15.0' ],
24 silly audit   'set-function-length': [ '1.2.2' ],
24 silly audit   'set-function-name': [ '2.0.2' ],
24 silly audit   'set-proto': [ '1.0.0' ],
24 silly audit   sharp: [ '0.34.5' ],
24 silly audit   'shebang-command': [ '2.0.0' ],
24 silly audit   'shebang-regex': [ '3.0.0' ],
24 silly audit   'side-channel': [ '1.1.0' ],
24 silly audit   'side-channel-list': [ '1.0.0' ],
24 silly audit   'side-channel-map': [ '1.0.1' ],
24 silly audit   'side-channel-weakmap': [ '1.0.2' ],
24 silly audit   'smol-toml': [ '1.6.0' ],
24 silly audit   sonner: [ '2.0.7' ],
24 silly audit   'source-map-js': [ '1.2.1' ],
24 silly audit   'stable-hash': [ '0.0.5' ],
24 silly audit   'stop-iteration-iterator': [ '1.1.0' ],
24 silly audit   'string.prototype.includes': [ '2.0.1' ],
24 silly audit   'string.prototype.matchall': [ '4.0.12' ],
24 silly audit   'string.prototype.repeat': [ '1.0.0' ],
24 silly audit   'string.prototype.trim': [ '1.2.10' ],
24 silly audit   'string.prototype.trimend': [ '1.0.9' ],
24 silly audit   'string.prototype.trimstart': [ '1.0.8' ],
24 silly audit   'strip-bom': [ '3.0.0' ],
24 silly audit   'styled-jsx': [ '5.1.6' ],
24 silly audit   'supports-color': [ '7.2.0' ],
24 silly audit   'supports-preserve-symlinks-flag': [ '1.0.0' ],
24 silly audit   'tailwind-merge': [ '3.4.0' ],
24 silly audit   tailwindcss: [ '4.1.17' ],
24 silly audit   tapable: [ '2.3.0' ],
24 silly audit   tinyglobby: [ '0.2.15' ],
24 silly audit   fdir: [ '6.5.0' ],
24 silly audit   'to-regex-range': [ '5.0.1' ],
24 silly audit   'true-myth': [ '4.1.1' ],
24 silly audit   'ts-api-utils': [ '2.1.0' ],
24 silly audit   'ts-debounce': [ '4.0.0' ],
24 silly audit   'ts-morph': [ '13.0.3' ],
24 silly audit   'ts-prune': [ '0.10.3' ],
24 silly audit   'tsconfig-paths': [ '3.15.0' ],
24 silly audit   tslib: [ '2.8.1' ],
24 silly audit   'tw-animate-css': [ '1.4.0' ],
24 silly audit   'type-check': [ '0.4.0' ],
24 silly audit   'type-fest': [ '4.41.0' ],
24 silly audit   'typed-array-buffer': [ '1.0.3' ],
24 silly audit   'typed-array-byte-length': [ '1.0.3' ],
24 silly audit   'typed-array-byte-offset': [ '1.0.4' ],
24 silly audit   'typed-array-length': [ '1.0.7' ],
24 silly audit   'typed-emitter': [ '2.1.0' ],
24 silly audit   typescript: [ '5.9.3' ],
24 silly audit   'typescript-eslint': [ '8.48.1' ],
24 silly audit   'unbox-primitive': [ '1.1.0' ],
24 silly audit   'undici-types': [ '6.21.0' ],
24 silly audit   'unrs-resolver': [ '1.11.1' ],
24 silly audit   'update-browserslist-db': [ '1.1.4' ],
24 silly audit   'uri-js': [ '4.4.1' ],
24 silly audit   'use-callback-ref': [ '1.3.3' ],
24 silly audit   'use-sidecar': [ '1.1.3' ],
24 silly audit   'use-sync-external-store': [ '1.6.0' ],
24 silly audit   'usehooks-ts': [ '3.1.1' ],
24 silly audit   'walk-up-path': [ '4.0.0' ],
24 silly audit   'webrtc-adapter': [ '9.0.3' ],
24 silly audit   which: [ '2.0.2' ],
24 silly audit   'which-boxed-primitive': [ '1.1.1' ],
24 silly audit   'which-builtin-type': [ '1.2.1' ],
24 silly audit   'which-collection': [ '1.0.2' ],
24 silly audit   'which-typed-array': [ '1.1.19' ],
24 silly audit   'word-wrap': [ '1.2.5' ],
24 silly audit   ws: [ '8.18.3' ],
24 silly audit   yallist: [ '3.1.1' ],
24 silly audit   yaml: [ '1.10.2' ],
24 silly audit   'yocto-queue': [ '0.1.0' ],
24 silly audit   zod: [ '4.1.13' ],
24 silly audit   'zod-validation-error': [ '4.0.2' ],
24 silly audit   zustand: [ '5.0.9' ]
24 silly audit }
25 http fetch POST 200 https://registry.npmjs.org/-/npm/v1/security/advisories/bulk 484ms
26 silly audit report {
26 silly audit report   next: [
26 silly audit report     {
26 silly audit report       id: 1111374,
26 silly audit report       url: 'https://github.com/advisories/GHSA-w37m-7fhw-fmv9',
26 silly audit report       title: 'Next Server Actions Source Code Exposure ',
26 silly audit report       severity: 'moderate',
26 silly audit report       vulnerable_versions: '>=16.0.0-beta.0 <16.0.9',
26 silly audit report       cwe: [Array],
26 silly audit report       cvss: [Object]
26 silly audit report     },
26 silly audit report     {
26 silly audit report       id: 1111383,
26 silly audit report       url: 'https://github.com/advisories/GHSA-mwv6-3258-q52c',
26 silly audit report       title: 'Next Vulnerable to Denial of Service with Server Components',
26 silly audit report       severity: 'high',
26 silly audit report       vulnerable_versions: '>=16.0.0-beta.0 <16.0.9',
26 silly audit report       cwe: [Array],
26 silly audit report       cvss: [Object]
26 silly audit report     }
26 silly audit report   ]
26 silly audit report }
27 silly packumentCache corgi:https://registry.npmjs.org/next cache-miss
28 http fetch GET 200 https://registry.npmjs.org/next 77ms (cache revalidated)
29 silly packumentCache corgi:https://registry.npmjs.org/next set size:23328277 disposed:false
30 silly packumentCache corgi:https://registry.npmjs.org/geist cache-miss
31 http fetch GET 200 https://registry.npmjs.org/geist 268ms (cache revalidated)
32 silly packumentCache corgi:https://registry.npmjs.org/geist set size:36500 disposed:false
33 silly REMOVE node_modules/@standard-schema/utils
34 silly REMOVE node_modules/@radix-ui/react-slider
35 silly REMOVE node_modules/@radix-ui/react-menu
36 silly REMOVE node_modules/@radix-ui/react-menu/node_modules/@radix-ui/react-slot
37 silly REMOVE node_modules/@radix-ui/react-dropdown-menu
38 silly REMOVE node_modules/@radix-ui/react-accordion
39 silly REMOVE node_modules/@radix-ui/react-collapsible
40 silly REMOVE node_modules/@hookform/resolvers
41 silly REMOVE node_modules/react-hook-form
42 verbose cwd /Users/karelsovis/CursorBuilds/ClassCal_v2
43 verbose os Darwin 25.2.0
44 verbose node v24.11.1
45 verbose npm  v11.6.2
46 verbose exit 0
47 info ok
