0 verbose cli /usr/local/bin/node /usr/local/bin/npm
1 info using npm@11.6.2
2 info using node@v24.11.1
3 silly config load:file:/usr/local/lib/node_modules/npm/npmrc
4 silly config load:file:/Users/karelsovis/CursorBuilds/ClassCal_v2/.npmrc
5 silly config load:file:/Users/karelsovis/.npmrc
6 silly config load:file:/usr/local/etc/npmrc
7 verbose title npm install knip ts-prune eslint-plugin-unused-imports eslint-plugin-import @typescript-eslint/eslint-plugin@8.48.1 @typescript-eslint/parser@8.48.1
8 verbose argv "install" "--save-dev" "knip" "ts-prune" "eslint-plugin-unused-imports" "eslint-plugin-import" "@typescript-eslint/eslint-plugin@8.48.1" "@typescript-eslint/parser@8.48.1" "--cache" ".npm-cache"
9 verbose logfile logs-max:10 dir:/Users/karelsovis/CursorBuilds/ClassCal_v2/.npm-cache/_logs/2026-01-15T16_09_45_999Z-
10 verbose logfile /Users/karelsovis/CursorBuilds/ClassCal_v2/.npm-cache/_logs/2026-01-15T16_09_45_999Z-debug-0.log
11 silly logfile done cleaning log files
12 silly packumentCache heap:4496293888 maxSize:1124073472 maxEntrySize:562036736
13 verbose shrinkwrap failed to load node_modules/.package-lock.json out of date, updated: node_modules
14 silly idealTree buildDeps
15 silly fetch manifest knip@*
16 silly packumentCache full:https://registry.npmjs.org/knip cache-miss
17 http cache https://registry.npmjs.org/knip 12ms (cache hit)
18 silly packumentCache full:https://registry.npmjs.org/knip set size:2234903 disposed:false
19 silly fetch manifest @types/node@^20
20 silly packumentCache full:https://registry.npmjs.org/@types%2fnode cache-miss
21 http cache https://registry.npmjs.org/@types%2fnode 78ms (cache hit)
22 silly packumentCache full:https://registry.npmjs.org/@types%2fnode set size:10783185 disposed:false
23 silly fetch manifest typescript@^5
24 silly packumentCache full:https://registry.npmjs.org/typescript cache-miss
25 http cache https://registry.npmjs.org/typescript 17ms (cache hit)
26 silly packumentCache full:https://registry.npmjs.org/typescript set size:15129610 disposed:false
27 silly fetch manifest ts-prune@*
28 silly packumentCache full:https://registry.npmjs.org/ts-prune cache-miss
29 http cache https://registry.npmjs.org/ts-prune 2ms (cache hit)
30 silly packumentCache full:https://registry.npmjs.org/ts-prune set size:144978 disposed:false
31 silly fetch manifest eslint-plugin-unused-imports@*
32 silly packumentCache full:https://registry.npmjs.org/eslint-plugin-unused-imports cache-miss
33 http cache https://registry.npmjs.org/eslint-plugin-unused-imports 2ms (cache hit)
34 silly packumentCache full:https://registry.npmjs.org/eslint-plugin-unused-imports set size:79803 disposed:false
35 silly fetch manifest @typescript-eslint/eslint-plugin@8.48.1
36 silly packumentCache full:https://registry.npmjs.org/@typescript-eslint%2feslint-plugin cache-miss
37 http cache https://registry.npmjs.org/@typescript-eslint%2feslint-plugin 20ms (cache hit)
38 silly packumentCache full:https://registry.npmjs.org/@typescript-eslint%2feslint-plugin set size:17296513 disposed:false
39 silly fetch manifest @typescript-eslint/parser@8.48.1
40 silly packumentCache full:https://registry.npmjs.org/@typescript-eslint%2fparser cache-miss
41 http cache https://registry.npmjs.org/@typescript-eslint%2fparser 25ms (cache hit)
42 silly packumentCache full:https://registry.npmjs.org/@typescript-eslint%2fparser set size:14724171 disposed:false
43 silly fetch manifest eslint@^9
44 silly packumentCache full:https://registry.npmjs.org/eslint cache-miss
45 http cache https://registry.npmjs.org/eslint 10ms (cache hit)
46 silly packumentCache full:https://registry.npmjs.org/eslint set size:1886875 disposed:false
47 silly fetch manifest jiti@*
48 silly packumentCache full:https://registry.npmjs.org/jiti cache-miss
49 http cache https://registry.npmjs.org/jiti 2ms (cache hit)
50 silly packumentCache full:https://registry.npmjs.org/jiti set size:382310 disposed:false
51 silly fetch manifest eslint-plugin-import@*
52 silly packumentCache full:https://registry.npmjs.org/eslint-plugin-import cache-miss
53 http cache https://registry.npmjs.org/eslint-plugin-import 2ms (cache hit)
54 silly packumentCache full:https://registry.npmjs.org/eslint-plugin-import set size:484928 disposed:false
55 silly placeDep ROOT @typescript-eslint/eslint-plugin@8.48.1 REPLACE for: classcal@0.1.0 want: 8.48.1
56 silly placeDep ROOT @typescript-eslint/parser@8.48.1 REPLACE for: classcal@0.1.0 want: 8.48.1
57 silly placeDep ROOT eslint-plugin-import@2.32.0 REPLACE for: classcal@0.1.0 want: *
58 silly placeDep ROOT eslint-plugin-unused-imports@4.3.0 OK for: classcal@0.1.0 want: *
59 silly placeDep ROOT knip@5.81.0 OK for: classcal@0.1.0 want: *
60 silly placeDep ROOT ts-prune@0.10.3 OK for: classcal@0.1.0 want: *
61 silly fetch manifest fast-glob@^3.3.3
62 silly packumentCache full:https://registry.npmjs.org/fast-glob cache-miss
63 silly fetch manifest formatly@^0.3.0
64 silly packumentCache full:https://registry.npmjs.org/formatly cache-miss
65 silly fetch manifest oxc-resolver@^11.15.0
66 silly packumentCache full:https://registry.npmjs.org/oxc-resolver cache-miss
67 silly fetch manifest picomatch@^4.0.1
68 silly packumentCache full:https://registry.npmjs.org/picomatch cache-miss
69 silly fetch manifest smol-toml@^1.5.2
70 silly packumentCache full:https://registry.npmjs.org/smol-toml cache-miss
71 silly fetch manifest strip-json-comments@5.0.3
72 silly packumentCache full:https://registry.npmjs.org/strip-json-comments cache-miss
73 silly fetch manifest commander@^6.2.1
74 silly packumentCache full:https://registry.npmjs.org/commander cache-miss
75 http fetch GET 200 https://registry.npmjs.org/strip-json-comments 142ms (cache miss)
76 silly packumentCache full:https://registry.npmjs.org/strip-json-comments set size:undefined disposed:false
77 silly fetch manifest cosmiconfig@^7.0.1
78 silly packumentCache full:https://registry.npmjs.org/cosmiconfig cache-miss
79 http fetch GET 200 https://registry.npmjs.org/formatly 144ms (cache miss)
80 silly packumentCache full:https://registry.npmjs.org/formatly set size:undefined disposed:false
81 silly fetch manifest lodash@^4.17.21
82 silly packumentCache full:https://registry.npmjs.org/lodash cache-miss
83 http fetch GET 200 https://registry.npmjs.org/picomatch 148ms (cache miss)
84 silly packumentCache full:https://registry.npmjs.org/picomatch set size:undefined disposed:false
85 silly fetch manifest true-myth@^4.1.0
86 silly packumentCache full:https://registry.npmjs.org/true-myth cache-miss
87 http fetch GET 200 https://registry.npmjs.org/fast-glob 149ms (cache miss)
88 silly packumentCache full:https://registry.npmjs.org/fast-glob set size:undefined disposed:false
89 silly fetch manifest ts-morph@^13.0.1
90 silly packumentCache full:https://registry.npmjs.org/ts-morph cache-miss
91 http fetch GET 200 https://registry.npmjs.org/oxc-resolver 152ms (cache miss)
92 silly packumentCache full:https://registry.npmjs.org/oxc-resolver set size:undefined disposed:false
93 http fetch GET 200 https://registry.npmjs.org/smol-toml 153ms (cache miss)
94 silly packumentCache full:https://registry.npmjs.org/smol-toml set size:undefined disposed:false
95 http fetch GET 200 https://registry.npmjs.org/commander 169ms (cache miss)
96 silly packumentCache full:https://registry.npmjs.org/commander set size:undefined disposed:false
97 http fetch GET 200 https://registry.npmjs.org/cosmiconfig 37ms (cache miss)
98 silly packumentCache full:https://registry.npmjs.org/cosmiconfig set size:undefined disposed:false
99 http fetch GET 200 https://registry.npmjs.org/ts-morph 65ms (cache miss)
100 silly packumentCache full:https://registry.npmjs.org/ts-morph set size:undefined disposed:false
101 http fetch GET 200 https://registry.npmjs.org/lodash 85ms (cache miss)
102 silly packumentCache full:https://registry.npmjs.org/lodash set size:undefined disposed:false
103 http fetch GET 200 https://registry.npmjs.org/true-myth 232ms (cache miss)
104 silly packumentCache full:https://registry.npmjs.org/true-myth set size:undefined disposed:false
105 silly placeDep node_modules/knip fast-glob@3.3.3 OK for: knip@5.81.0 want: ^3.3.3
106 silly placeDep ROOT formatly@0.3.0 OK for: knip@5.81.0 want: ^0.3.0
107 silly placeDep ROOT oxc-resolver@11.16.3 OK for: knip@5.81.0 want: ^11.15.0
108 silly placeDep node_modules/knip picomatch@4.0.3 OK for: knip@5.81.0 want: ^4.0.1
109 silly placeDep ROOT smol-toml@1.6.0 OK for: knip@5.81.0 want: ^1.5.2
110 silly placeDep node_modules/knip strip-json-comments@5.0.3 OK for: knip@5.81.0 want: 5.0.3
111 silly fetch manifest glob-parent@^5.1.2
112 silly packumentCache full:https://registry.npmjs.org/glob-parent cache-miss
113 silly fetch manifest fd-package-json@^2.0.0
114 silly packumentCache full:https://registry.npmjs.org/fd-package-json cache-miss
115 silly fetch manifest @oxc-resolver/binding-darwin-arm64@11.16.3
116 silly packumentCache full:https://registry.npmjs.org/@oxc-resolver%2fbinding-darwin-arm64 cache-miss
117 silly fetch manifest @oxc-resolver/binding-android-arm64@11.16.3
118 silly packumentCache full:https://registry.npmjs.org/@oxc-resolver%2fbinding-android-arm64 cache-miss
119 silly fetch manifest @oxc-resolver/binding-win32-arm64-msvc@11.16.3
120 silly packumentCache full:https://registry.npmjs.org/@oxc-resolver%2fbinding-win32-arm64-msvc cache-miss
121 silly fetch manifest @oxc-resolver/binding-linux-arm64-gnu@11.16.3
122 silly packumentCache full:https://registry.npmjs.org/@oxc-resolver%2fbinding-linux-arm64-gnu cache-miss
123 silly fetch manifest @oxc-resolver/binding-linux-arm64-musl@11.16.3
124 silly packumentCache full:https://registry.npmjs.org/@oxc-resolver%2fbinding-linux-arm64-musl cache-miss
125 http fetch GET 200 https://registry.npmjs.org/fd-package-json 44ms (cache miss)
126 silly packumentCache full:https://registry.npmjs.org/fd-package-json set size:undefined disposed:false
127 silly fetch manifest @oxc-resolver/binding-openharmony-arm64@11.16.3
128 silly packumentCache full:https://registry.npmjs.org/@oxc-resolver%2fbinding-openharmony-arm64 cache-miss
129 http fetch GET 200 https://registry.npmjs.org/@oxc-resolver%2fbinding-android-arm64 88ms (cache miss)
130 silly packumentCache full:https://registry.npmjs.org/@oxc-resolver%2fbinding-android-arm64 set size:undefined disposed:false
131 silly fetch manifest @oxc-resolver/binding-android-arm-eabi@11.16.3
132 silly packumentCache full:https://registry.npmjs.org/@oxc-resolver%2fbinding-android-arm-eabi cache-miss
133 http fetch GET 200 https://registry.npmjs.org/@oxc-resolver%2fbinding-linux-arm64-gnu 98ms (cache miss)
134 silly packumentCache full:https://registry.npmjs.org/@oxc-resolver%2fbinding-linux-arm64-gnu set size:undefined disposed:false
135 silly fetch manifest @oxc-resolver/binding-linux-arm-gnueabihf@11.16.3
136 silly packumentCache full:https://registry.npmjs.org/@oxc-resolver%2fbinding-linux-arm-gnueabihf cache-miss
137 http fetch GET 200 https://registry.npmjs.org/@oxc-resolver%2fbinding-win32-arm64-msvc 101ms (cache miss)
138 silly packumentCache full:https://registry.npmjs.org/@oxc-resolver%2fbinding-win32-arm64-msvc set size:undefined disposed:false
139 silly fetch manifest @oxc-resolver/binding-linux-arm-musleabihf@11.16.3
140 silly packumentCache full:https://registry.npmjs.org/@oxc-resolver%2fbinding-linux-arm-musleabihf cache-miss
141 http fetch GET 200 https://registry.npmjs.org/@oxc-resolver%2fbinding-android-arm-eabi 165ms (cache miss)
142 silly packumentCache full:https://registry.npmjs.org/@oxc-resolver%2fbinding-android-arm-eabi set size:undefined disposed:false
143 silly fetch manifest @oxc-resolver/binding-win32-ia32-msvc@11.16.3
144 silly packumentCache full:https://registry.npmjs.org/@oxc-resolver%2fbinding-win32-ia32-msvc cache-miss
145 http fetch GET 200 https://registry.npmjs.org/glob-parent 257ms (cache miss)
146 silly packumentCache full:https://registry.npmjs.org/glob-parent set size:undefined disposed:false
147 silly fetch manifest @oxc-resolver/binding-linux-ppc64-gnu@11.16.3
148 silly packumentCache full:https://registry.npmjs.org/@oxc-resolver%2fbinding-linux-ppc64-gnu cache-miss
149 http fetch GET 200 https://registry.npmjs.org/@oxc-resolver%2fbinding-linux-arm64-musl 271ms (cache miss)
150 silly packumentCache full:https://registry.npmjs.org/@oxc-resolver%2fbinding-linux-arm64-musl set size:undefined disposed:false
151 silly fetch manifest @oxc-resolver/binding-linux-riscv64-gnu@11.16.3
152 silly packumentCache full:https://registry.npmjs.org/@oxc-resolver%2fbinding-linux-riscv64-gnu cache-miss
153 http fetch GET 200 https://registry.npmjs.org/@oxc-resolver%2fbinding-darwin-arm64 280ms (cache miss)
154 silly packumentCache full:https://registry.npmjs.org/@oxc-resolver%2fbinding-darwin-arm64 set size:undefined disposed:false
155 silly fetch manifest @oxc-resolver/binding-linux-riscv64-musl@11.16.3
156 silly packumentCache full:https://registry.npmjs.org/@oxc-resolver%2fbinding-linux-riscv64-musl cache-miss
157 http fetch GET 200 https://registry.npmjs.org/@oxc-resolver%2fbinding-openharmony-arm64 274ms (cache miss)
158 silly packumentCache full:https://registry.npmjs.org/@oxc-resolver%2fbinding-openharmony-arm64 set size:undefined disposed:false
159 silly fetch manifest @oxc-resolver/binding-linux-s390x-gnu@11.16.3
160 silly packumentCache full:https://registry.npmjs.org/@oxc-resolver%2fbinding-linux-s390x-gnu cache-miss
161 http fetch GET 200 https://registry.npmjs.org/@oxc-resolver%2fbinding-linux-ppc64-gnu 82ms (cache miss)
162 silly packumentCache full:https://registry.npmjs.org/@oxc-resolver%2fbinding-linux-ppc64-gnu set size:undefined disposed:false
163 silly fetch manifest @oxc-resolver/binding-wasm32-wasi@11.16.3
164 silly packumentCache full:https://registry.npmjs.org/@oxc-resolver%2fbinding-wasm32-wasi cache-miss
165 http fetch GET 200 https://registry.npmjs.org/@oxc-resolver%2fbinding-linux-arm-gnueabihf 242ms (cache miss)
166 silly packumentCache full:https://registry.npmjs.org/@oxc-resolver%2fbinding-linux-arm-gnueabihf set size:undefined disposed:false
167 silly fetch manifest @oxc-resolver/binding-darwin-x64@11.16.3
168 silly packumentCache full:https://registry.npmjs.org/@oxc-resolver%2fbinding-darwin-x64 cache-miss
169 http fetch GET 200 https://registry.npmjs.org/@oxc-resolver%2fbinding-linux-arm-musleabihf 242ms (cache miss)
170 silly packumentCache full:https://registry.npmjs.org/@oxc-resolver%2fbinding-linux-arm-musleabihf set size:undefined disposed:false
171 silly fetch manifest @oxc-resolver/binding-win32-x64-msvc@11.16.3
172 silly packumentCache full:https://registry.npmjs.org/@oxc-resolver%2fbinding-win32-x64-msvc cache-miss
173 http fetch GET 200 https://registry.npmjs.org/@oxc-resolver%2fbinding-linux-riscv64-gnu 98ms (cache miss)
174 silly packumentCache full:https://registry.npmjs.org/@oxc-resolver%2fbinding-linux-riscv64-gnu set size:undefined disposed:false
175 silly fetch manifest @oxc-resolver/binding-freebsd-x64@11.16.3
176 silly packumentCache full:https://registry.npmjs.org/@oxc-resolver%2fbinding-freebsd-x64 cache-miss
177 http fetch GET 200 https://registry.npmjs.org/@oxc-resolver%2fbinding-win32-ia32-msvc 273ms (cache miss)
178 silly packumentCache full:https://registry.npmjs.org/@oxc-resolver%2fbinding-win32-ia32-msvc set size:undefined disposed:false
179 silly fetch manifest @oxc-resolver/binding-linux-x64-gnu@11.16.3
180 silly packumentCache full:https://registry.npmjs.org/@oxc-resolver%2fbinding-linux-x64-gnu cache-miss
181 http fetch GET 200 https://registry.npmjs.org/@oxc-resolver%2fbinding-linux-riscv64-musl 270ms (cache miss)
182 silly packumentCache full:https://registry.npmjs.org/@oxc-resolver%2fbinding-linux-riscv64-musl set size:undefined disposed:false
183 silly fetch manifest @oxc-resolver/binding-linux-x64-musl@11.16.3
184 silly packumentCache full:https://registry.npmjs.org/@oxc-resolver%2fbinding-linux-x64-musl cache-miss
185 http fetch GET 200 https://registry.npmjs.org/@oxc-resolver%2fbinding-darwin-x64 232ms (cache miss)
186 silly packumentCache full:https://registry.npmjs.org/@oxc-resolver%2fbinding-darwin-x64 set size:undefined disposed:false
187 http fetch GET 200 https://registry.npmjs.org/@oxc-resolver%2fbinding-win32-x64-msvc 241ms (cache miss)
188 silly packumentCache full:https://registry.npmjs.org/@oxc-resolver%2fbinding-win32-x64-msvc set size:undefined disposed:false
189 http fetch GET 200 https://registry.npmjs.org/@oxc-resolver%2fbinding-wasm32-wasi 298ms (cache miss)
190 silly packumentCache full:https://registry.npmjs.org/@oxc-resolver%2fbinding-wasm32-wasi set size:undefined disposed:false
191 http fetch GET 200 https://registry.npmjs.org/@oxc-resolver%2fbinding-freebsd-x64 268ms (cache miss)
192 silly packumentCache full:https://registry.npmjs.org/@oxc-resolver%2fbinding-freebsd-x64 set size:undefined disposed:false
193 http fetch GET 200 https://registry.npmjs.org/@oxc-resolver%2fbinding-linux-s390x-gnu 438ms (cache miss)
194 silly packumentCache full:https://registry.npmjs.org/@oxc-resolver%2fbinding-linux-s390x-gnu set size:undefined disposed:false
195 http fetch GET 200 https://registry.npmjs.org/@oxc-resolver%2fbinding-linux-x64-gnu 259ms (cache miss)
196 silly packumentCache full:https://registry.npmjs.org/@oxc-resolver%2fbinding-linux-x64-gnu set size:undefined disposed:false
197 http fetch GET 200 https://registry.npmjs.org/@oxc-resolver%2fbinding-linux-x64-musl 513ms (cache miss)
198 silly packumentCache full:https://registry.npmjs.org/@oxc-resolver%2fbinding-linux-x64-musl set size:undefined disposed:false
199 silly placeDep ROOT fd-package-json@2.0.0 OK for: formatly@0.3.0 want: ^2.0.0
200 silly fetch manifest walk-up-path@^4.0.0
201 silly packumentCache full:https://registry.npmjs.org/walk-up-path cache-miss
202 http fetch GET 200 https://registry.npmjs.org/walk-up-path 45ms (cache miss)
203 silly packumentCache full:https://registry.npmjs.org/walk-up-path set size:undefined disposed:false
204 silly placeDep ROOT walk-up-path@4.0.0 OK for: fd-package-json@2.0.0 want: ^4.0.0
205 silly placeDep ROOT @oxc-resolver/binding-android-arm-eabi@11.16.3 OK for: oxc-resolver@11.16.3 want: 11.16.3
206 silly placeDep ROOT @oxc-resolver/binding-android-arm64@11.16.3 OK for: oxc-resolver@11.16.3 want: 11.16.3
207 silly placeDep ROOT @oxc-resolver/binding-darwin-arm64@11.16.3 OK for: oxc-resolver@11.16.3 want: 11.16.3
208 silly placeDep ROOT @oxc-resolver/binding-darwin-x64@11.16.3 OK for: oxc-resolver@11.16.3 want: 11.16.3
209 silly placeDep ROOT @oxc-resolver/binding-freebsd-x64@11.16.3 OK for: oxc-resolver@11.16.3 want: 11.16.3
210 silly placeDep ROOT @oxc-resolver/binding-linux-arm-gnueabihf@11.16.3 OK for: oxc-resolver@11.16.3 want: 11.16.3
211 silly placeDep ROOT @oxc-resolver/binding-linux-arm-musleabihf@11.16.3 OK for: oxc-resolver@11.16.3 want: 11.16.3
212 silly placeDep ROOT @oxc-resolver/binding-linux-arm64-gnu@11.16.3 OK for: oxc-resolver@11.16.3 want: 11.16.3
213 silly placeDep ROOT @oxc-resolver/binding-linux-arm64-musl@11.16.3 OK for: oxc-resolver@11.16.3 want: 11.16.3
214 silly placeDep ROOT @oxc-resolver/binding-linux-ppc64-gnu@11.16.3 OK for: oxc-resolver@11.16.3 want: 11.16.3
215 silly placeDep ROOT @oxc-resolver/binding-linux-riscv64-gnu@11.16.3 OK for: oxc-resolver@11.16.3 want: 11.16.3
216 silly placeDep ROOT @oxc-resolver/binding-linux-riscv64-musl@11.16.3 OK for: oxc-resolver@11.16.3 want: 11.16.3
217 silly placeDep ROOT @oxc-resolver/binding-linux-s390x-gnu@11.16.3 OK for: oxc-resolver@11.16.3 want: 11.16.3
218 silly placeDep ROOT @oxc-resolver/binding-linux-x64-gnu@11.16.3 OK for: oxc-resolver@11.16.3 want: 11.16.3
219 silly placeDep ROOT @oxc-resolver/binding-linux-x64-musl@11.16.3 OK for: oxc-resolver@11.16.3 want: 11.16.3
220 silly placeDep ROOT @oxc-resolver/binding-openharmony-arm64@11.16.3 OK for: oxc-resolver@11.16.3 want: 11.16.3
221 silly placeDep ROOT @oxc-resolver/binding-wasm32-wasi@11.16.3 OK for: oxc-resolver@11.16.3 want: 11.16.3
222 silly placeDep ROOT @oxc-resolver/binding-win32-arm64-msvc@11.16.3 OK for: oxc-resolver@11.16.3 want: 11.16.3
223 silly placeDep ROOT @oxc-resolver/binding-win32-ia32-msvc@11.16.3 OK for: oxc-resolver@11.16.3 want: 11.16.3
224 silly placeDep ROOT @oxc-resolver/binding-win32-x64-msvc@11.16.3 OK for: oxc-resolver@11.16.3 want: 11.16.3
225 silly fetch manifest @napi-rs/wasm-runtime@^1.1.1
226 silly packumentCache full:https://registry.npmjs.org/@napi-rs%2fwasm-runtime cache-miss
227 http fetch GET 200 https://registry.npmjs.org/@napi-rs%2fwasm-runtime 48ms (cache miss)
228 silly packumentCache full:https://registry.npmjs.org/@napi-rs%2fwasm-runtime set size:undefined disposed:false
229 silly placeDep node_modules/@oxc-resolver/binding-wasm32-wasi @napi-rs/wasm-runtime@1.1.1 OK for: @oxc-resolver/binding-wasm32-wasi@11.16.3 want: ^1.1.1
230 silly placeDep ROOT commander@6.2.1 OK for: ts-prune@0.10.3 want: ^6.2.1
231 silly placeDep ROOT cosmiconfig@7.1.0 OK for: ts-prune@0.10.3 want: ^7.0.1
232 silly placeDep ROOT lodash@4.17.21 OK for: ts-prune@0.10.3 want: ^4.17.21
233 silly placeDep ROOT true-myth@4.1.1 OK for: ts-prune@0.10.3 want: ^4.1.0
234 silly placeDep ROOT ts-morph@13.0.3 OK for: ts-prune@0.10.3 want: ^13.0.1
235 silly fetch manifest @types/parse-json@^4.0.0
236 silly packumentCache full:https://registry.npmjs.org/@types%2fparse-json cache-miss
237 silly fetch manifest parse-json@^5.0.0
238 silly packumentCache full:https://registry.npmjs.org/parse-json cache-miss
239 silly fetch manifest path-type@^4.0.0
240 silly packumentCache full:https://registry.npmjs.org/path-type cache-miss
241 silly fetch manifest yaml@^1.10.0
242 silly packumentCache full:https://registry.npmjs.org/yaml cache-miss
243 silly fetch manifest @ts-morph/common@~0.12.3
244 silly packumentCache full:https://registry.npmjs.org/@ts-morph%2fcommon cache-miss
245 silly fetch manifest code-block-writer@^11.0.0
246 silly packumentCache full:https://registry.npmjs.org/code-block-writer cache-miss
247 http fetch GET 200 https://registry.npmjs.org/@types%2fparse-json 117ms (cache miss)
248 silly packumentCache full:https://registry.npmjs.org/@types%2fparse-json set size:undefined disposed:false
249 http fetch GET 200 https://registry.npmjs.org/path-type 118ms (cache miss)
250 silly packumentCache full:https://registry.npmjs.org/path-type set size:undefined disposed:false
251 http fetch GET 200 https://registry.npmjs.org/parse-json 118ms (cache miss)
252 silly packumentCache full:https://registry.npmjs.org/parse-json set size:undefined disposed:false
253 http fetch GET 200 https://registry.npmjs.org/@ts-morph%2fcommon 120ms (cache miss)
254 silly packumentCache full:https://registry.npmjs.org/@ts-morph%2fcommon set size:undefined disposed:false
255 http fetch GET 200 https://registry.npmjs.org/yaml 224ms (cache miss)
256 silly packumentCache full:https://registry.npmjs.org/yaml set size:undefined disposed:false
257 http fetch GET 200 https://registry.npmjs.org/code-block-writer 230ms (cache miss)
258 silly packumentCache full:https://registry.npmjs.org/code-block-writer set size:undefined disposed:false
259 silly placeDep ROOT @types/parse-json@4.0.2 OK for: cosmiconfig@7.1.0 want: ^4.0.0
260 silly placeDep ROOT parse-json@5.2.0 OK for: cosmiconfig@7.1.0 want: ^5.0.0
261 silly placeDep ROOT path-type@4.0.0 OK for: cosmiconfig@7.1.0 want: ^4.0.0
262 silly placeDep ROOT yaml@1.10.2 OK for: cosmiconfig@7.1.0 want: ^1.10.0
263 silly fetch manifest error-ex@^1.3.1
264 silly packumentCache full:https://registry.npmjs.org/error-ex cache-miss
265 silly fetch manifest lines-and-columns@^1.1.6
266 silly packumentCache full:https://registry.npmjs.org/lines-and-columns cache-miss
267 silly fetch manifest json-parse-even-better-errors@^2.3.0
268 silly packumentCache full:https://registry.npmjs.org/json-parse-even-better-errors cache-miss
269 http fetch GET 200 https://registry.npmjs.org/error-ex 42ms (cache miss)
270 silly packumentCache full:https://registry.npmjs.org/error-ex set size:undefined disposed:false
271 http fetch GET 200 https://registry.npmjs.org/lines-and-columns 46ms (cache miss)
272 silly packumentCache full:https://registry.npmjs.org/lines-and-columns set size:undefined disposed:false
273 http fetch GET 200 https://registry.npmjs.org/json-parse-even-better-errors 50ms (cache miss)
274 silly packumentCache full:https://registry.npmjs.org/json-parse-even-better-errors set size:undefined disposed:false
275 silly placeDep ROOT error-ex@1.3.4 OK for: parse-json@5.2.0 want: ^1.3.1
276 silly placeDep ROOT json-parse-even-better-errors@2.3.1 OK for: parse-json@5.2.0 want: ^2.3.0
277 silly placeDep ROOT lines-and-columns@1.2.4 OK for: parse-json@5.2.0 want: ^1.1.6
278 silly fetch manifest is-arrayish@^0.2.1
279 silly packumentCache full:https://registry.npmjs.org/is-arrayish cache-miss
280 http fetch GET 200 https://registry.npmjs.org/is-arrayish 72ms (cache miss)
281 silly packumentCache full:https://registry.npmjs.org/is-arrayish set size:undefined disposed:false
282 silly placeDep ROOT is-arrayish@0.2.1 OK for: error-ex@1.3.4 want: ^0.2.1
283 silly placeDep ROOT @ts-morph/common@0.12.3 OK for: ts-morph@13.0.3 want: ~0.12.3
284 silly placeDep ROOT code-block-writer@11.0.3 OK for: ts-morph@13.0.3 want: ^11.0.0
285 silly fetch manifest mkdirp@^1.0.4
286 silly packumentCache full:https://registry.npmjs.org/mkdirp cache-miss
287 silly fetch manifest path-browserify@^1.0.1
288 silly packumentCache full:https://registry.npmjs.org/path-browserify cache-miss
289 http fetch GET 200 https://registry.npmjs.org/mkdirp 57ms (cache miss)
290 silly packumentCache full:https://registry.npmjs.org/mkdirp set size:undefined disposed:false
291 http fetch GET 200 https://registry.npmjs.org/path-browserify 212ms (cache miss)
292 silly packumentCache full:https://registry.npmjs.org/path-browserify set size:undefined disposed:false
293 silly placeDep ROOT mkdirp@1.0.4 OK for: @ts-morph/common@0.12.3 want: ^1.0.4
294 silly placeDep ROOT path-browserify@1.0.1 OK for: @ts-morph/common@0.12.3 want: ^1.0.1
295 silly placeDep node_modules/knip glob-parent@5.1.2 OK for: fast-glob@3.3.3 want: ^5.1.2
296 silly reify moves {}
297 silly audit bulk request {
297 silly audit   '@alloc/quick-lru': [ '5.2.0' ],
297 silly audit   '@babel/code-frame': [ '7.27.1' ],
297 silly audit   '@babel/compat-data': [ '7.28.5' ],
297 silly audit   '@babel/core': [ '7.28.5' ],
297 silly audit   '@babel/generator': [ '7.28.5' ],
297 silly audit   '@babel/helper-compilation-targets': [ '7.27.2' ],
297 silly audit   '@babel/helper-globals': [ '7.28.0' ],
297 silly audit   '@babel/helper-module-imports': [ '7.27.1' ],
297 silly audit   '@babel/helper-module-transforms': [ '7.28.3' ],
297 silly audit   '@babel/helper-string-parser': [ '7.27.1' ],
297 silly audit   '@babel/helper-validator-identifier': [ '7.28.5' ],
297 silly audit   '@babel/helper-validator-option': [ '7.27.1' ],
297 silly audit   '@babel/helpers': [ '7.28.4' ],
297 silly audit   '@babel/parser': [ '7.28.5' ],
297 silly audit   '@babel/template': [ '7.27.2' ],
297 silly audit   '@babel/traverse': [ '7.28.5' ],
297 silly audit   '@babel/types': [ '7.28.5' ],
297 silly audit   '@bufbuild/protobuf': [ '1.10.1' ],
297 silly audit   '@date-fns/tz': [ '1.4.1' ],
297 silly audit   '@emnapi/core': [ '1.7.1' ],
297 silly audit   '@emnapi/runtime': [ '1.7.1' ],
297 silly audit   '@emnapi/wasi-threads': [ '1.1.0' ],
297 silly audit   '@eslint-community/eslint-utils': [ '4.9.0' ],
297 silly audit   'eslint-visitor-keys': [ '3.4.3', '4.2.1' ],
297 silly audit   '@eslint-community/regexpp': [ '4.12.2' ],
297 silly audit   '@eslint/config-array': [ '0.21.1' ],
297 silly audit   '@eslint/config-helpers': [ '0.4.2' ],
297 silly audit   '@eslint/core': [ '0.17.0' ],
297 silly audit   '@eslint/eslintrc': [ '3.3.3' ],
297 silly audit   '@eslint/js': [ '9.39.1' ],
297 silly audit   '@eslint/object-schema': [ '2.1.7' ],
297 silly audit   '@eslint/plugin-kit': [ '0.4.1' ],
297 silly audit   '@floating-ui/core': [ '1.7.3' ],
297 silly audit   '@floating-ui/dom': [ '1.7.4' ],
297 silly audit   '@floating-ui/react-dom': [ '2.1.6' ],
297 silly audit   '@floating-ui/utils': [ '0.2.10' ],
297 silly audit   '@fullcalendar/core': [ '6.1.19' ],
297 silly audit   '@fullcalendar/daygrid': [ '6.1.19' ],
297 silly audit   '@fullcalendar/interaction': [ '6.1.19' ],
297 silly audit   '@fullcalendar/react': [ '6.1.19' ],
297 silly audit   '@fullcalendar/timegrid': [ '6.1.19' ],
297 silly audit   '@hookform/resolvers': [ '5.2.2' ],
297 silly audit   '@humanfs/core': [ '0.19.1' ],
297 silly audit   '@humanfs/node': [ '0.16.7' ],
297 silly audit   '@humanwhocodes/module-importer': [ '1.0.1' ],
297 silly audit   '@humanwhocodes/retry': [ '0.4.3' ],
297 silly audit   '@img/colour': [ '1.0.0' ],
297 silly audit   '@img/sharp-darwin-arm64': [ '0.34.5' ],
297 silly audit   '@img/sharp-darwin-x64': [ '0.34.5' ],
297 silly audit   '@img/sharp-libvips-darwin-arm64': [ '1.2.4' ],
297 silly audit   '@img/sharp-libvips-darwin-x64': [ '1.2.4' ],
297 silly audit   '@img/sharp-libvips-linux-arm': [ '1.2.4' ],
297 silly audit   '@img/sharp-libvips-linux-arm64': [ '1.2.4' ],
297 silly audit   '@img/sharp-libvips-linux-ppc64': [ '1.2.4' ],
297 silly audit   '@img/sharp-libvips-linux-riscv64': [ '1.2.4' ],
297 silly audit   '@img/sharp-libvips-linux-s390x': [ '1.2.4' ],
297 silly audit   '@img/sharp-libvips-linux-x64': [ '1.2.4' ],
297 silly audit   '@img/sharp-libvips-linuxmusl-arm64': [ '1.2.4' ],
297 silly audit   '@img/sharp-libvips-linuxmusl-x64': [ '1.2.4' ],
297 silly audit   '@img/sharp-linux-arm': [ '0.34.5' ],
297 silly audit   '@img/sharp-linux-arm64': [ '0.34.5' ],
297 silly audit   '@img/sharp-linux-ppc64': [ '0.34.5' ],
297 silly audit   '@img/sharp-linux-riscv64': [ '0.34.5' ],
297 silly audit   '@img/sharp-linux-s390x': [ '0.34.5' ],
297 silly audit   '@img/sharp-linux-x64': [ '0.34.5' ],
297 silly audit   '@img/sharp-linuxmusl-arm64': [ '0.34.5' ],
297 silly audit   '@img/sharp-linuxmusl-x64': [ '0.34.5' ],
297 silly audit   '@img/sharp-wasm32': [ '0.34.5' ],
297 silly audit   '@img/sharp-win32-arm64': [ '0.34.5' ],
297 silly audit   '@img/sharp-win32-ia32': [ '0.34.5' ],
297 silly audit   '@img/sharp-win32-x64': [ '0.34.5' ],
297 silly audit   '@jridgewell/gen-mapping': [ '0.3.13' ],
297 silly audit   '@jridgewell/remapping': [ '2.3.5' ],
297 silly audit   '@jridgewell/resolve-uri': [ '3.1.2' ],
297 silly audit   '@jridgewell/sourcemap-codec': [ '1.5.5' ],
297 silly audit   '@jridgewell/trace-mapping': [ '0.3.31' ],
297 silly audit   '@livekit/components-core': [ '0.12.12' ],
297 silly audit   '@livekit/components-react': [ '2.9.17' ],
297 silly audit   '@livekit/components-styles': [ '1.2.0' ],
297 silly audit   '@livekit/mutex': [ '1.1.1' ],
297 silly audit   '@livekit/protocol': [ '1.42.2', '1.43.4' ],
297 silly audit   '@napi-rs/wasm-runtime': [ '0.2.12', '1.1.1' ],
297 silly audit   '@next/env': [ '16.0.7' ],
297 silly audit   '@next/eslint-plugin-next': [ '16.0.6' ],
297 silly audit   '@next/swc-darwin-arm64': [ '16.0.7' ],
297 silly audit   '@next/swc-darwin-x64': [ '16.0.7' ],
297 silly audit   '@next/swc-linux-arm64-gnu': [ '16.0.7' ],
297 silly audit   '@next/swc-linux-arm64-musl': [ '16.0.7' ],
297 silly audit   '@next/swc-linux-x64-gnu': [ '16.0.7' ],
297 silly audit   '@next/swc-linux-x64-musl': [ '16.0.7' ],
297 silly audit   '@next/swc-win32-arm64-msvc': [ '16.0.7' ],
297 silly audit   '@next/swc-win32-x64-msvc': [ '16.0.7' ],
297 silly audit   '@nodelib/fs.scandir': [ '2.1.5' ],
297 silly audit   '@nodelib/fs.stat': [ '2.0.5' ],
297 silly audit   '@nodelib/fs.walk': [ '1.2.8' ],
297 silly audit   '@nolyfill/is-core-module': [ '1.0.39' ],
297 silly audit   '@radix-ui/number': [ '1.1.1' ],
297 silly audit   '@radix-ui/primitive': [ '1.1.3' ],
297 silly audit   '@radix-ui/react-accordion': [ '1.2.12' ],
297 silly audit   '@radix-ui/react-arrow': [ '1.1.7' ],
297 silly audit   '@radix-ui/react-avatar': [ '1.1.11' ],
297 silly audit   '@radix-ui/react-context': [ '1.1.3', '1.1.2' ],
297 silly audit   '@radix-ui/react-primitive': [ '2.1.4', '2.1.3' ],
297 silly audit   '@radix-ui/react-checkbox': [ '1.3.3' ],
297 silly audit   '@radix-ui/react-collapsible': [ '1.1.12' ],
297 silly audit   '@radix-ui/react-collection': [ '1.1.7' ],
297 silly audit   '@radix-ui/react-slot': [ '1.2.3', '1.2.4' ],
297 silly audit   '@radix-ui/react-compose-refs': [ '1.1.2' ],
297 silly audit   '@radix-ui/react-dialog': [ '1.1.15' ],
297 silly audit   '@radix-ui/react-direction': [ '1.1.1' ],
297 silly audit   '@radix-ui/react-dismissable-layer': [ '1.1.11' ],
297 silly audit   '@radix-ui/react-dropdown-menu': [ '2.1.16' ],
297 silly audit   '@radix-ui/react-focus-guards': [ '1.1.3' ],
297 silly audit   '@radix-ui/react-focus-scope': [ '1.1.7' ],
297 silly audit   '@radix-ui/react-id': [ '1.1.1' ],
297 silly audit   '@radix-ui/react-label': [ '2.1.8' ],
297 silly audit   '@radix-ui/react-menu': [ '2.1.16' ],
297 silly audit   '@radix-ui/react-popover': [ '1.1.15' ],
297 silly audit   '@radix-ui/react-popper': [ '1.2.8' ],
297 silly audit   '@radix-ui/react-portal': [ '1.1.9' ],
297 silly audit   '@radix-ui/react-presence': [ '1.1.5' ],
297 silly audit   '@radix-ui/react-roving-focus': [ '1.1.11' ],
297 silly audit   '@radix-ui/react-scroll-area': [ '1.2.10' ],
297 silly audit   '@radix-ui/react-select': [ '2.2.6' ],
297 silly audit   '@radix-ui/react-separator': [ '1.1.8' ],
297 silly audit   '@radix-ui/react-slider': [ '1.3.6' ],
297 silly audit   '@radix-ui/react-switch': [ '1.2.6' ],
297 silly audit   '@radix-ui/react-tabs': [ '1.1.13' ],
297 silly audit   '@radix-ui/react-tooltip': [ '1.2.8' ],
297 silly audit   '@radix-ui/react-use-callback-ref': [ '1.1.1' ],
297 silly audit   '@radix-ui/react-use-controllable-state': [ '1.2.2' ],
297 silly audit   '@radix-ui/react-use-effect-event': [ '0.0.2' ],
297 silly audit   '@radix-ui/react-use-escape-keydown': [ '1.1.1' ],
297 silly audit   '@radix-ui/react-use-is-hydrated': [ '0.1.0' ],
297 silly audit   '@radix-ui/react-use-layout-effect': [ '1.1.1' ],
297 silly audit   '@radix-ui/react-use-previous': [ '1.1.1' ],
297 silly audit   '@radix-ui/react-use-rect': [ '1.1.1' ],
297 silly audit   '@radix-ui/react-use-size': [ '1.1.1' ],
297 silly audit   '@radix-ui/react-visually-hidden': [ '1.2.3' ],
297 silly audit   '@radix-ui/rect': [ '1.1.1' ],
297 silly audit   '@rtsao/scc': [ '1.1.0' ],
297 silly audit   '@standard-schema/utils': [ '0.3.0' ],
297 silly audit   '@supabase/auth-js': [ '2.86.0' ],
297 silly audit   '@supabase/functions-js': [ '2.86.0' ],
297 silly audit   '@supabase/postgrest-js': [ '2.86.0' ],
297 silly audit   '@supabase/realtime-js': [ '2.86.0' ],
297 silly audit   '@supabase/ssr': [ '0.8.0' ],
297 silly audit   '@supabase/storage-js': [ '2.86.0' ],
297 silly audit   '@supabase/supabase-js': [ '2.86.0' ],
297 silly audit   '@swc/helpers': [ '0.5.15' ],
297 silly audit   '@tailwindcss/node': [ '4.1.17' ],
297 silly audit   '@tailwindcss/oxide': [ '4.1.17' ],
297 silly audit   '@tailwindcss/oxide-android-arm64': [ '4.1.17' ],
297 silly audit   '@tailwindcss/oxide-darwin-arm64': [ '4.1.17' ],
297 silly audit   '@tailwindcss/oxide-darwin-x64': [ '4.1.17' ],
297 silly audit   '@tailwindcss/oxide-freebsd-x64': [ '4.1.17' ],
297 silly audit   '@tailwindcss/oxide-linux-arm-gnueabihf': [ '4.1.17' ],
297 silly audit   '@tailwindcss/oxide-linux-arm64-gnu': [ '4.1.17' ],
297 silly audit   '@tailwindcss/oxide-linux-arm64-musl': [ '4.1.17' ],
297 silly audit   '@tailwindcss/oxide-linux-x64-gnu': [ '4.1.17' ],
297 silly audit   '@tailwindcss/oxide-linux-x64-musl': [ '4.1.17' ],
297 silly audit   '@tailwindcss/oxide-wasm32-wasi': [ '4.1.17' ],
297 silly audit   '@tailwindcss/oxide-win32-arm64-msvc': [ '4.1.17' ],
297 silly audit   '@tailwindcss/oxide-win32-x64-msvc': [ '4.1.17' ],
297 silly audit   '@tailwindcss/postcss': [ '4.1.17' ],
297 silly audit   '@tanstack/query-core': [ '5.90.11' ],
297 silly audit   '@tanstack/react-query': [ '5.90.11' ],
297 silly audit   '@tybys/wasm-util': [ '0.10.1' ],
297 silly audit   '@types/dom-mediacapture-record': [ '1.0.22' ],
297 silly audit   '@types/estree': [ '1.0.8' ],
297 silly audit   '@types/json-schema': [ '7.0.15' ],
297 silly audit   '@types/json5': [ '0.0.29' ],
297 silly audit   '@types/node': [ '20.19.25' ],
297 silly audit   '@types/phoenix': [ '1.6.6' ],
297 silly audit   '@types/react': [ '19.2.7' ],
297 silly audit   '@types/react-dom': [ '19.2.3' ],
297 silly audit   '@types/ws': [ '8.18.1' ],
297 silly audit   ignore: [ '5.3.2', '7.0.5' ],
297 silly audit   '@typescript-eslint/project-service': [ '8.48.1' ],
297 silly audit   '@typescript-eslint/scope-manager': [ '8.48.1' ],
297 silly audit   '@typescript-eslint/tsconfig-utils': [ '8.48.1' ],
297 silly audit   '@typescript-eslint/type-utils': [ '8.48.1' ],
297 silly audit   '@typescript-eslint/types': [ '8.48.1' ],
297 silly audit   '@typescript-eslint/typescript-estree': [ '8.48.1' ],
297 silly audit   'brace-expansion': [ '2.0.2', '1.1.12' ],
297 silly audit   minimatch: [ '9.0.5', '3.1.2' ],
297 silly audit   semver: [ '7.7.3', '6.3.1' ],
297 silly audit   '@typescript-eslint/utils': [ '8.48.1' ],
297 silly audit   '@typescript-eslint/visitor-keys': [ '8.48.1' ],
297 silly audit   '@unrs/resolver-binding-android-arm-eabi': [ '1.11.1' ],
297 silly audit   '@unrs/resolver-binding-android-arm64': [ '1.11.1' ],
297 silly audit   '@unrs/resolver-binding-darwin-arm64': [ '1.11.1' ],
297 silly audit   '@unrs/resolver-binding-darwin-x64': [ '1.11.1' ],
297 silly audit   '@unrs/resolver-binding-freebsd-x64': [ '1.11.1' ],
297 silly audit   '@unrs/resolver-binding-linux-arm-gnueabihf': [ '1.11.1' ],
297 silly audit   '@unrs/resolver-binding-linux-arm-musleabihf': [ '1.11.1' ],
297 silly audit   '@unrs/resolver-binding-linux-arm64-gnu': [ '1.11.1' ],
297 silly audit   '@unrs/resolver-binding-linux-arm64-musl': [ '1.11.1' ],
297 silly audit   '@unrs/resolver-binding-linux-ppc64-gnu': [ '1.11.1' ],
297 silly audit   '@unrs/resolver-binding-linux-riscv64-gnu': [ '1.11.1' ],
297 silly audit   '@unrs/resolver-binding-linux-riscv64-musl': [ '1.11.1' ],
297 silly audit   '@unrs/resolver-binding-linux-s390x-gnu': [ '1.11.1' ],
297 silly audit   '@unrs/resolver-binding-linux-x64-gnu': [ '1.11.1' ],
297 silly audit   '@unrs/resolver-binding-linux-x64-musl': [ '1.11.1' ],
297 silly audit   '@unrs/resolver-binding-wasm32-wasi': [ '1.11.1' ],
297 silly audit   '@unrs/resolver-binding-win32-arm64-msvc': [ '1.11.1' ],
297 silly audit   '@unrs/resolver-binding-win32-ia32-msvc': [ '1.11.1' ],
297 silly audit   '@unrs/resolver-binding-win32-x64-msvc': [ '1.11.1' ],
297 silly audit   acorn: [ '8.15.0' ],
297 silly audit   'acorn-jsx': [ '5.3.2' ],
297 silly audit   ajv: [ '6.12.6' ],
297 silly audit   'ansi-styles': [ '4.3.0' ],
297 silly audit   argparse: [ '2.0.1' ],
297 silly audit   'aria-hidden': [ '1.2.6' ],
297 silly audit   'aria-query': [ '5.3.2' ],
297 silly audit   'array-buffer-byte-length': [ '1.0.2' ],
297 silly audit   'array-includes': [ '3.1.9' ],
297 silly audit   'array.prototype.findlast': [ '1.2.5' ],
297 silly audit   'array.prototype.findlastindex': [ '1.2.6' ],
297 silly audit   'array.prototype.flat': [ '1.3.3' ],
297 silly audit   'array.prototype.flatmap': [ '1.3.3' ],
297 silly audit   'array.prototype.tosorted': [ '1.1.4' ],
297 silly audit   'arraybuffer.prototype.slice': [ '1.0.4' ],
297 silly audit   'ast-types-flow': [ '0.0.8' ],
297 silly audit   'async-function': [ '1.0.0' ],
297 silly audit   'available-typed-arrays': [ '1.0.7' ],
297 silly audit   'axe-core': [ '4.11.0' ],
297 silly audit   'axobject-query': [ '4.1.0' ],
297 silly audit   'balanced-match': [ '1.0.2' ],
297 silly audit   'baseline-browser-mapping': [ '2.8.32' ],
297 silly audit   braces: [ '3.0.3' ],
297 silly audit   browserslist: [ '4.28.0' ],
297 silly audit   'call-bind': [ '1.0.8' ],
297 silly audit   'call-bind-apply-helpers': [ '1.0.2' ],
297 silly audit   'call-bound': [ '1.0.4' ],
297 silly audit   callsites: [ '3.1.0' ],
297 silly audit   camelcase: [ '8.0.0' ],
297 silly audit   'camelcase-keys': [ '9.1.3' ],
297 silly audit   'caniuse-lite': [ '1.0.30001757' ],
297 silly audit   chalk: [ '4.1.2' ],
297 silly audit   'class-variance-authority': [ '0.7.1' ],
297 silly audit   'client-only': [ '0.0.1' ],
297 silly audit   clsx: [ '2.1.1' ],
297 silly audit   cmdk: [ '1.1.1' ],
297 silly audit   'color-convert': [ '2.0.1' ],
297 silly audit   'color-name': [ '1.1.4' ],
297 silly audit   'concat-map': [ '0.0.1' ],
297 silly audit   'convert-source-map': [ '2.0.0' ],
297 silly audit   cookie: [ '1.1.1' ],
297 silly audit   'cross-spawn': [ '7.0.6' ],
297 silly audit   csstype: [ '3.2.3' ],
297 silly audit   'damerau-levenshtein': [ '1.0.8' ],
297 silly audit   'data-view-buffer': [ '1.0.2' ],
297 silly audit   'data-view-byte-length': [ '1.0.2' ],
297 silly audit   'data-view-byte-offset': [ '1.0.1' ],
297 silly audit   'date-fns': [ '4.1.0' ],
297 silly audit   'date-fns-jalali': [ '4.1.0-0' ],
297 silly audit   debug: [ '4.4.3', '3.2.7' ],
297 silly audit   'deep-is': [ '0.1.4' ],
297 silly audit   'define-data-property': [ '1.1.4' ],
297 silly audit   'define-properties': [ '1.2.1' ],
297 silly audit   'detect-libc': [ '2.1.2' ],
297 silly audit   'detect-node-es': [ '1.1.0' ],
297 silly audit   doctrine: [ '2.1.0' ],
297 silly audit   'dunder-proto': [ '1.0.1' ],
297 silly audit   'electron-to-chromium': [ '1.5.263' ],
297 silly audit   'emoji-regex': [ '9.2.2' ],
297 silly audit   'enhanced-resolve': [ '5.18.3' ],
297 silly audit   'es-abstract': [ '1.24.0' ],
297 silly audit   'es-define-property': [ '1.0.1' ],
297 silly audit   'es-errors': [ '1.3.0' ],
297 silly audit   'es-iterator-helpers': [ '1.2.1' ],
297 silly audit   'es-object-atoms': [ '1.1.1' ],
297 silly audit   'es-set-tostringtag': [ '2.1.0' ],
297 silly audit   'es-shim-unscopables': [ '1.1.0' ],
297 silly audit   'es-to-primitive': [ '1.3.0' ],
297 silly audit   escalade: [ '3.2.0' ],
297 silly audit   'escape-string-regexp': [ '4.0.0' ],
297 silly audit   eslint: [ '9.39.1' ],
297 silly audit   'eslint-config-next': [ '16.0.6' ],
297 silly audit   globals: [ '16.4.0', '14.0.0' ],
297 silly audit   'eslint-import-resolver-node': [ '0.3.9' ],
297 silly audit   'eslint-import-resolver-typescript': [ '3.10.1' ],
297 silly audit   'eslint-module-utils': [ '2.12.1' ],
297 silly audit   'eslint-plugin-jsx-a11y': [ '6.10.2' ],
297 silly audit   'eslint-plugin-react': [ '7.37.5' ],
297 silly audit   'eslint-plugin-react-hooks': [ '7.0.1' ],
297 silly audit   resolve: [ '2.0.0-next.5', '1.22.11' ],
297 silly audit   'eslint-scope': [ '8.4.0' ],
297 silly audit   espree: [ '10.4.0' ],
297 silly audit   esquery: [ '1.6.0' ],
297 silly audit   esrecurse: [ '4.3.0' ],
297 silly audit   estraverse: [ '5.3.0' ],
297 silly audit   esutils: [ '2.0.3' ],
297 silly audit   events: [ '3.3.0' ],
297 silly audit   'fast-deep-equal': [ '3.1.3' ],
297 silly audit   'fast-glob': [ '3.3.1', '3.3.3' ],
297 silly audit   'glob-parent': [ '5.1.2', '6.0.2' ],
297 silly audit   'fast-json-stable-stringify': [ '2.1.0' ],
297 silly audit   'fast-levenshtein': [ '2.0.6' ],
297 silly audit   fastq: [ '1.19.1' ],
297 silly audit   'file-entry-cache': [ '8.0.0' ],
297 silly audit   'fill-range': [ '7.1.1' ],
297 silly audit   'find-up': [ '5.0.0' ],
297 silly audit   'flat-cache': [ '4.0.1' ],
297 silly audit   flatted: [ '3.3.3' ],
297 silly audit   'for-each': [ '0.3.5' ],
297 silly audit   'function-bind': [ '1.1.2' ],
297 silly audit   'function.prototype.name': [ '1.1.8' ],
297 silly audit   'functions-have-names': [ '1.2.3' ],
297 silly audit   geist: [ '1.5.1' ],
297 silly audit   'generator-function': [ '2.0.1' ],
297 silly audit   gensync: [ '1.0.0-beta.2' ],
297 silly audit   'get-intrinsic': [ '1.3.0' ],
297 silly audit   'get-nonce': [ '1.0.1' ],
297 silly audit   'get-proto': [ '1.0.1' ],
297 silly audit   'get-symbol-description': [ '1.1.0' ],
297 silly audit   'get-tsconfig': [ '4.13.0' ],
297 silly audit   globalthis: [ '1.0.4' ],
297 silly audit   gopd: [ '1.2.0' ],
297 silly audit   'graceful-fs': [ '4.2.11' ],
297 silly audit   graphemer: [ '1.4.0' ],
297 silly audit   'has-bigints': [ '1.1.0' ],
297 silly audit   'has-flag': [ '4.0.0' ],
297 silly audit   'has-property-descriptors': [ '1.0.2' ],
297 silly audit   'has-proto': [ '1.2.0' ],
297 silly audit   'has-symbols': [ '1.1.0' ],
297 silly audit   'has-tostringtag': [ '1.0.2' ],
297 silly audit   hasown: [ '2.0.2' ],
297 silly audit   'hermes-estree': [ '0.25.1' ],
297 silly audit   'hermes-parser': [ '0.25.1' ],
297 silly audit   'iceberg-js': [ '0.8.0' ],
297 silly audit   'import-fresh': [ '3.3.1' ],
297 silly audit   imurmurhash: [ '0.1.4' ],
297 silly audit   'internal-slot': [ '1.1.0' ],
297 silly audit   'is-array-buffer': [ '3.0.5' ],
297 silly audit   'is-async-function': [ '2.1.1' ],
297 silly audit   'is-bigint': [ '1.1.0' ],
297 silly audit   'is-boolean-object': [ '1.2.2' ],
297 silly audit   'is-bun-module': [ '2.0.0' ],
297 silly audit   'is-callable': [ '1.2.7' ],
297 silly audit   'is-core-module': [ '2.16.1' ],
297 silly audit   'is-data-view': [ '1.0.2' ],
297 silly audit   'is-date-object': [ '1.1.0' ],
297 silly audit   'is-extglob': [ '2.1.1' ],
297 silly audit   'is-finalizationregistry': [ '1.1.1' ],
297 silly audit   'is-generator-function': [ '1.1.2' ],
297 silly audit   'is-glob': [ '4.0.3' ],
297 silly audit   'is-map': [ '2.0.3' ],
297 silly audit   'is-negative-zero': [ '2.0.3' ],
297 silly audit   'is-number': [ '7.0.0' ],
297 silly audit   'is-number-object': [ '1.1.1' ],
297 silly audit   'is-regex': [ '1.2.1' ],
297 silly audit   'is-set': [ '2.0.3' ],
297 silly audit   'is-shared-array-buffer': [ '1.0.4' ],
297 silly audit   'is-string': [ '1.1.1' ],
297 silly audit   'is-symbol': [ '1.1.1' ],
297 silly audit   'is-typed-array': [ '1.1.15' ],
297 silly audit   'is-weakmap': [ '2.0.2' ],
297 silly audit   'is-weakref': [ '1.1.1' ],
297 silly audit   'is-weakset': [ '2.0.4' ],
297 silly audit   isarray: [ '2.0.5' ],
297 silly audit   isexe: [ '2.0.0' ],
297 silly audit   'iterator.prototype': [ '1.1.5' ],
297 silly audit   jiti: [ '2.6.1' ],
297 silly audit   jose: [ '6.1.3', '5.10.0' ],
297 silly audit   'js-tokens': [ '4.0.0' ],
297 silly audit   'js-yaml': [ '4.1.1' ],
297 silly audit   jsesc: [ '3.1.0' ],
297 silly audit   'json-buffer': [ '3.0.1' ],
297 silly audit   'json-schema-traverse': [ '0.4.1' ],
297 silly audit   'json-stable-stringify-without-jsonify': [ '1.0.1' ],
297 silly audit   json5: [ '2.2.3', '1.0.2' ],
297 silly audit   'jsx-ast-utils': [ '3.3.5' ],
297 silly audit   keyv: [ '4.5.4' ],
297 silly audit   'language-subtag-registry': [ '0.3.23' ],
297 silly audit   'language-tags': [ '1.0.9' ],
297 silly audit   levn: [ '0.4.1' ],
297 silly audit   lightningcss: [ '1.30.2' ],
297 silly audit   'lightningcss-android-arm64': [ '1.30.2' ],
297 silly audit   'lightningcss-darwin-arm64': [ '1.30.2' ],
297 silly audit   'lightningcss-darwin-x64': [ '1.30.2' ],
297 silly audit   'lightningcss-freebsd-x64': [ '1.30.2' ],
297 silly audit   'lightningcss-linux-arm-gnueabihf': [ '1.30.2' ],
297 silly audit   'lightningcss-linux-arm64-gnu': [ '1.30.2' ],
297 silly audit   'lightningcss-linux-arm64-musl': [ '1.30.2' ],
297 silly audit   'lightningcss-linux-x64-gnu': [ '1.30.2' ],
297 silly audit   'lightningcss-linux-x64-musl': [ '1.30.2' ],
297 silly audit   'lightningcss-win32-arm64-msvc': [ '1.30.2' ],
297 silly audit   'lightningcss-win32-x64-msvc': [ '1.30.2' ],
297 silly audit   'livekit-client': [ '2.16.1' ],
297 silly audit   loglevel: [ '1.9.2', '1.9.1' ],
297 silly audit   'livekit-server-sdk': [ '2.15.0' ],
297 silly audit   'locate-path': [ '6.0.0' ],
297 silly audit   'lodash.debounce': [ '4.0.8' ],
297 silly audit   'lodash.merge': [ '4.6.2' ],
297 silly audit   'loose-envify': [ '1.4.0' ],
297 silly audit   'lru-cache': [ '5.1.1' ],
297 silly audit   'lucide-react': [ '0.555.0' ],
297 silly audit   'magic-string': [ '0.30.21' ],
297 silly audit   'map-obj': [ '5.0.0' ],
297 silly audit   'math-intrinsics': [ '1.1.0' ],
297 silly audit   merge2: [ '1.4.1' ],
297 silly audit   micromatch: [ '4.0.8' ],
297 silly audit   minimist: [ '1.2.8' ],
297 silly audit   ms: [ '2.1.3' ],
297 silly audit   nanoid: [ '3.3.11' ],
297 silly audit   'napi-postinstall': [ '0.3.4' ],
297 silly audit   'natural-compare': [ '1.4.0' ],
297 silly audit   next: [ '16.0.7' ],
297 silly audit   'next-themes': [ '0.4.6' ],
297 silly audit   postcss: [ '8.4.31', '8.5.6' ],
297 silly audit   'node-releases': [ '2.0.27' ],
297 silly audit   'object-assign': [ '4.1.1' ],
297 silly audit   'object-inspect': [ '1.13.4' ],
297 silly audit   'object-keys': [ '1.1.1' ],
297 silly audit   'object.assign': [ '4.1.7' ],
297 silly audit   'object.entries': [ '1.1.9' ],
297 silly audit   'object.fromentries': [ '2.0.8' ],
297 silly audit   'object.groupby': [ '1.0.3' ],
297 silly audit   'object.values': [ '1.2.1' ],
297 silly audit   optionator: [ '0.9.4' ],
297 silly audit   'own-keys': [ '1.0.1' ],
297 silly audit   'p-limit': [ '3.1.0' ],
297 silly audit   'p-locate': [ '5.0.0' ],
297 silly audit   'parent-module': [ '1.0.1' ],
297 silly audit   'path-exists': [ '4.0.0' ],
297 silly audit   'path-key': [ '3.1.1' ],
297 silly audit   'path-parse': [ '1.0.7' ],
297 silly audit   picocolors: [ '1.1.1' ],
297 silly audit   picomatch: [ '2.3.1', '4.0.3' ],
297 silly audit   'possible-typed-array-names': [ '1.1.0' ],
297 silly audit   preact: [ '10.12.1' ],
297 silly audit   'prelude-ls': [ '1.2.1' ],
297 silly audit   'prop-types': [ '15.8.1' ],
297 silly audit   punycode: [ '2.3.1' ],
297 silly audit   'queue-microtask': [ '1.2.3' ],
297 silly audit   'quick-lru': [ '6.1.2' ],
297 silly audit   react: [ '19.2.0' ],
297 silly audit   'react-day-picker': [ '9.11.3' ],
297 silly audit   'react-dom': [ '19.2.0' ],
297 silly audit   'react-hook-form': [ '7.67.0' ],
297 silly audit   'react-is': [ '16.13.1' ],
297 silly audit   'react-remove-scroll': [ '2.7.2' ],
297 silly audit   'react-remove-scroll-bar': [ '2.3.8' ],
297 silly audit   'react-style-singleton': [ '2.2.3' ],
297 silly audit   'reflect.getprototypeof': [ '1.0.10' ],
297 silly audit   'regexp.prototype.flags': [ '1.5.4' ],
297 silly audit   'resolve-from': [ '4.0.0' ],
297 silly audit   'resolve-pkg-maps': [ '1.0.0' ],
297 silly audit   reusify: [ '1.1.0' ],
297 silly audit   'run-parallel': [ '1.2.0' ],
297 silly audit   rxjs: [ '7.8.2' ],
297 silly audit   'safe-array-concat': [ '1.1.3' ],
297 silly audit   'safe-push-apply': [ '1.0.0' ],
297 silly audit   'safe-regex-test': [ '1.1.0' ],
297 silly audit   scheduler: [ '0.27.0' ],
297 silly audit   sdp: [ '3.2.1' ],
297 silly audit   'sdp-transform': [ '2.15.0' ],
297 silly audit   'set-function-length': [ '1.2.2' ],
297 silly audit   'set-function-name': [ '2.0.2' ],
297 silly audit   'set-proto': [ '1.0.0' ],
297 silly audit   sharp: [ '0.34.5' ],
297 silly audit   'shebang-command': [ '2.0.0' ],
297 silly audit   'shebang-regex': [ '3.0.0' ],
297 silly audit   'side-channel': [ '1.1.0' ],
297 silly audit   'side-channel-list': [ '1.0.0' ],
297 silly audit   'side-channel-map': [ '1.0.1' ],
297 silly audit   'side-channel-weakmap': [ '1.0.2' ],
297 silly audit   sonner: [ '2.0.7' ],
297 silly audit   'source-map-js': [ '1.2.1' ],
297 silly audit   'stable-hash': [ '0.0.5' ],
297 silly audit   'stop-iteration-iterator': [ '1.1.0' ],
297 silly audit   'string.prototype.includes': [ '2.0.1' ],
297 silly audit   'string.prototype.matchall': [ '4.0.12' ],
297 silly audit   'string.prototype.repeat': [ '1.0.0' ],
297 silly audit   'string.prototype.trim': [ '1.2.10' ],
297 silly audit   'string.prototype.trimend': [ '1.0.9' ],
297 silly audit   'string.prototype.trimstart': [ '1.0.8' ],
297 silly audit   'strip-bom': [ '3.0.0' ],
297 silly audit   'strip-json-comments': [ '3.1.1', '5.0.3' ],
297 silly audit   'styled-jsx': [ '5.1.6' ],
297 silly audit   'supports-color': [ '7.2.0' ],
297 silly audit   'supports-preserve-symlinks-flag': [ '1.0.0' ],
297 silly audit   'tailwind-merge': [ '3.4.0' ],
297 silly audit   tailwindcss: [ '4.1.17' ],
297 silly audit   tapable: [ '2.3.0' ],
297 silly audit   tinyglobby: [ '0.2.15' ],
297 silly audit   fdir: [ '6.5.0' ],
297 silly audit   'to-regex-range': [ '5.0.1' ],
297 silly audit   'ts-api-utils': [ '2.1.0' ],
297 silly audit   'ts-debounce': [ '4.0.0' ],
297 silly audit   'tsconfig-paths': [ '3.15.0' ],
297 silly audit   tslib: [ '2.8.1' ],
297 silly audit   'tw-animate-css': [ '1.4.0' ],
297 silly audit   'type-check': [ '0.4.0' ],
297 silly audit   'type-fest': [ '4.41.0' ],
297 silly audit   'typed-array-buffer': [ '1.0.3' ],
297 silly audit   'typed-array-byte-length': [ '1.0.3' ],
297 silly audit   'typed-array-byte-offset': [ '1.0.4' ],
297 silly audit   'typed-array-length': [ '1.0.7' ],
297 silly audit   'typed-emitter': [ '2.1.0' ],
297 silly audit   typescript: [ '5.9.3' ],
297 silly audit   'typescript-eslint': [ '8.48.1' ],
297 silly audit   'unbox-primitive': [ '1.1.0' ],
297 silly audit   'undici-types': [ '6.21.0' ],
297 silly audit   'unrs-resolver': [ '1.11.1' ],
297 silly audit   'update-browserslist-db': [ '1.1.4' ],
297 silly audit   'uri-js': [ '4.4.1' ],
297 silly audit   'use-callback-ref': [ '1.3.3' ],
297 silly audit   'use-sidecar': [ '1.1.3' ],
297 silly audit   'use-sync-external-store': [ '1.6.0' ],
297 silly audit   'usehooks-ts': [ '3.1.1' ],
297 silly audit   'webrtc-adapter': [ '9.0.3' ],
297 silly audit   which: [ '2.0.2' ],
297 silly audit   'which-boxed-primitive': [ '1.1.1' ],
297 silly audit   'which-builtin-type': [ '1.2.1' ],
297 silly audit   'which-collection': [ '1.0.2' ],
297 silly audit   'which-typed-array': [ '1.1.19' ],
297 silly audit   'word-wrap': [ '1.2.5' ],
297 silly audit   ws: [ '8.18.3' ],
297 silly audit   yallist: [ '3.1.1' ],
297 silly audit   'yocto-queue': [ '0.1.0' ],
297 silly audit   zod: [ '4.1.13' ],
297 silly audit   'zod-validation-error': [ '4.0.2' ],
297 silly audit   zustand: [ '5.0.9' ],
297 silly audit   '@typescript-eslint/eslint-plugin': [ '8.48.1' ],
297 silly audit   '@typescript-eslint/parser': [ '8.48.1' ],
297 silly audit   'eslint-plugin-import': [ '2.32.0' ],
297 silly audit   'eslint-plugin-unused-imports': [ '4.3.0' ],
297 silly audit   knip: [ '5.81.0' ],
297 silly audit   'ts-prune': [ '0.10.3' ],
297 silly audit   formatly: [ '0.3.0' ],
297 silly audit   'oxc-resolver': [ '11.16.3' ],
297 silly audit   'smol-toml': [ '1.6.0' ],
297 silly audit   'fd-package-json': [ '2.0.0' ],
297 silly audit   'walk-up-path': [ '4.0.0' ],
297 silly audit   '@oxc-resolver/binding-android-arm-eabi': [ '11.16.3' ],
297 silly audit   '@oxc-resolver/binding-android-arm64': [ '11.16.3' ],
297 silly audit   '@oxc-resolver/binding-darwin-arm64': [ '11.16.3' ],
297 silly audit   '@oxc-resolver/binding-darwin-x64': [ '11.16.3' ],
297 silly audit   '@oxc-resolver/binding-freebsd-x64': [ '11.16.3' ],
297 silly audit   '@oxc-resolver/binding-linux-arm-gnueabihf': [ '11.16.3' ],
297 silly audit   '@oxc-resolver/binding-linux-arm-musleabihf': [ '11.16.3' ],
297 silly audit   '@oxc-resolver/binding-linux-arm64-gnu': [ '11.16.3' ],
297 silly audit   '@oxc-resolver/binding-linux-arm64-musl': [ '11.16.3' ],
297 silly audit   '@oxc-resolver/binding-linux-ppc64-gnu': [ '11.16.3' ],
297 silly audit   '@oxc-resolver/binding-linux-riscv64-gnu': [ '11.16.3' ],
297 silly audit   '@oxc-resolver/binding-linux-riscv64-musl': [ '11.16.3' ],
297 silly audit   '@oxc-resolver/binding-linux-s390x-gnu': [ '11.16.3' ],
297 silly audit   '@oxc-resolver/binding-linux-x64-gnu': [ '11.16.3' ],
297 silly audit   '@oxc-resolver/binding-linux-x64-musl': [ '11.16.3' ],
297 silly audit   '@oxc-resolver/binding-openharmony-arm64': [ '11.16.3' ],
297 silly audit   '@oxc-resolver/binding-wasm32-wasi': [ '11.16.3' ],
297 silly audit   '@oxc-resolver/binding-win32-arm64-msvc': [ '11.16.3' ],
297 silly audit   '@oxc-resolver/binding-win32-ia32-msvc': [ '11.16.3' ],
297 silly audit   '@oxc-resolver/binding-win32-x64-msvc': [ '11.16.3' ],
297 silly audit   commander: [ '6.2.1' ],
297 silly audit   cosmiconfig: [ '7.1.0' ],
297 silly audit   lodash: [ '4.17.21' ],
297 silly audit   'true-myth': [ '4.1.1' ],
297 silly audit   'ts-morph': [ '13.0.3' ],
297 silly audit   '@types/parse-json': [ '4.0.2' ],
297 silly audit   'parse-json': [ '5.2.0' ],
297 silly audit   'path-type': [ '4.0.0' ],
297 silly audit   yaml: [ '1.10.2' ],
297 silly audit   'error-ex': [ '1.3.4' ],
297 silly audit   'json-parse-even-better-errors': [ '2.3.1' ],
297 silly audit   'lines-and-columns': [ '1.2.4' ],
297 silly audit   'is-arrayish': [ '0.2.1' ],
297 silly audit   '@ts-morph/common': [ '0.12.3' ],
297 silly audit   'code-block-writer': [ '11.0.3' ],
297 silly audit   mkdirp: [ '1.0.4' ],
297 silly audit   'path-browserify': [ '1.0.1' ]
297 silly audit }
298 http cache path-browserify@https://registry.npmjs.org/path-browserify/-/path-browserify-1.0.1.tgz 0ms (cache hit)
299 http cache mkdirp@https://registry.npmjs.org/mkdirp/-/mkdirp-1.0.4.tgz 0ms (cache hit)
300 http cache code-block-writer@https://registry.npmjs.org/code-block-writer/-/code-block-writer-11.0.3.tgz 0ms (cache hit)
301 http cache is-arrayish@https://registry.npmjs.org/is-arrayish/-/is-arrayish-0.2.1.tgz 0ms (cache hit)
302 http cache lines-and-columns@https://registry.npmjs.org/lines-and-columns/-/lines-and-columns-1.2.4.tgz 0ms (cache hit)
303 http cache error-ex@https://registry.npmjs.org/error-ex/-/error-ex-1.3.4.tgz 0ms (cache hit)
304 http cache json-parse-even-better-errors@https://registry.npmjs.org/json-parse-even-better-errors/-/json-parse-even-better-errors-2.3.1.tgz 0ms (cache hit)
305 http cache yaml@https://registry.npmjs.org/yaml/-/yaml-1.10.2.tgz 0ms (cache hit)
306 http cache @types/parse-json@https://registry.npmjs.org/@types/parse-json/-/parse-json-4.0.2.tgz 0ms (cache hit)
307 http cache parse-json@https://registry.npmjs.org/parse-json/-/parse-json-5.2.0.tgz 0ms (cache hit)
308 http cache true-myth@https://registry.npmjs.org/true-myth/-/true-myth-4.1.1.tgz 0ms (cache hit)
309 http cache path-type@https://registry.npmjs.org/path-type/-/path-type-4.0.0.tgz 0ms (cache hit)
310 http cache @ts-morph/common@https://registry.npmjs.org/@ts-morph/common/-/common-0.12.3.tgz 0ms (cache hit)
311 http cache ts-morph@https://registry.npmjs.org/ts-morph/-/ts-morph-13.0.3.tgz 0ms (cache hit)
312 http cache lodash@https://registry.npmjs.org/lodash/-/lodash-4.17.21.tgz 0ms (cache hit)
313 http cache commander@https://registry.npmjs.org/commander/-/commander-6.2.1.tgz 0ms (cache hit)
314 http cache walk-up-path@https://registry.npmjs.org/walk-up-path/-/walk-up-path-4.0.0.tgz 0ms (cache hit)
315 http cache smol-toml@https://registry.npmjs.org/smol-toml/-/smol-toml-1.6.0.tgz 0ms (cache hit)
316 http cache fd-package-json@https://registry.npmjs.org/fd-package-json/-/fd-package-json-2.0.0.tgz 0ms (cache hit)
317 http cache cosmiconfig@https://registry.npmjs.org/cosmiconfig/-/cosmiconfig-7.1.0.tgz 0ms (cache hit)
318 http cache oxc-resolver@https://registry.npmjs.org/oxc-resolver/-/oxc-resolver-11.16.3.tgz 0ms (cache hit)
319 http cache ts-prune@https://registry.npmjs.org/ts-prune/-/ts-prune-0.10.3.tgz 0ms (cache hit)
320 http cache knip@https://registry.npmjs.org/knip/-/knip-5.81.0.tgz 0ms (cache hit)
321 http cache formatly@https://registry.npmjs.org/formatly/-/formatly-0.3.0.tgz 0ms (cache hit)
322 http cache picomatch@https://registry.npmjs.org/picomatch/-/picomatch-4.0.3.tgz 0ms (cache hit)
323 http cache @oxc-resolver/binding-darwin-arm64@https://registry.npmjs.org/@oxc-resolver/binding-darwin-arm64/-/binding-darwin-arm64-11.16.3.tgz 0ms (cache hit)
324 http cache eslint-plugin-unused-imports@https://registry.npmjs.org/eslint-plugin-unused-imports/-/eslint-plugin-unused-imports-4.3.0.tgz 0ms (cache hit)
325 http cache glob-parent@https://registry.npmjs.org/glob-parent/-/glob-parent-5.1.2.tgz 0ms (cache hit)
326 http cache strip-json-comments@https://registry.npmjs.org/strip-json-comments/-/strip-json-comments-5.0.3.tgz 0ms (cache hit)
327 silly tarball no local data for path-browserify@https://registry.npmjs.org/path-browserify/-/path-browserify-1.0.1.tgz. Extracting by manifest.
328 silly tarball no local data for mkdirp@https://registry.npmjs.org/mkdirp/-/mkdirp-1.0.4.tgz. Extracting by manifest.
329 silly tarball no local data for code-block-writer@https://registry.npmjs.org/code-block-writer/-/code-block-writer-11.0.3.tgz. Extracting by manifest.
330 silly tarball no local data for is-arrayish@https://registry.npmjs.org/is-arrayish/-/is-arrayish-0.2.1.tgz. Extracting by manifest.
331 silly tarball no local data for lines-and-columns@https://registry.npmjs.org/lines-and-columns/-/lines-and-columns-1.2.4.tgz. Extracting by manifest.
332 http cache fast-glob@https://registry.npmjs.org/fast-glob/-/fast-glob-3.3.3.tgz 0ms (cache hit)
333 silly tarball no local data for error-ex@https://registry.npmjs.org/error-ex/-/error-ex-1.3.4.tgz. Extracting by manifest.
334 silly tarball no local data for json-parse-even-better-errors@https://registry.npmjs.org/json-parse-even-better-errors/-/json-parse-even-better-errors-2.3.1.tgz. Extracting by manifest.
335 silly tarball no local data for yaml@https://registry.npmjs.org/yaml/-/yaml-1.10.2.tgz. Extracting by manifest.
336 silly tarball no local data for @types/parse-json@https://registry.npmjs.org/@types/parse-json/-/parse-json-4.0.2.tgz. Extracting by manifest.
337 silly tarball no local data for parse-json@https://registry.npmjs.org/parse-json/-/parse-json-5.2.0.tgz. Extracting by manifest.
338 silly tarball no local data for true-myth@https://registry.npmjs.org/true-myth/-/true-myth-4.1.1.tgz. Extracting by manifest.
339 silly tarball no local data for path-type@https://registry.npmjs.org/path-type/-/path-type-4.0.0.tgz. Extracting by manifest.
340 silly tarball no local data for @ts-morph/common@https://registry.npmjs.org/@ts-morph/common/-/common-0.12.3.tgz. Extracting by manifest.
341 silly tarball no local data for ts-morph@https://registry.npmjs.org/ts-morph/-/ts-morph-13.0.3.tgz. Extracting by manifest.
342 silly tarball no local data for lodash@https://registry.npmjs.org/lodash/-/lodash-4.17.21.tgz. Extracting by manifest.
343 silly tarball no local data for commander@https://registry.npmjs.org/commander/-/commander-6.2.1.tgz. Extracting by manifest.
344 silly tarball no local data for walk-up-path@https://registry.npmjs.org/walk-up-path/-/walk-up-path-4.0.0.tgz. Extracting by manifest.
345 silly tarball no local data for smol-toml@https://registry.npmjs.org/smol-toml/-/smol-toml-1.6.0.tgz. Extracting by manifest.
346 silly tarball no local data for fd-package-json@https://registry.npmjs.org/fd-package-json/-/fd-package-json-2.0.0.tgz. Extracting by manifest.
347 silly tarball no local data for cosmiconfig@https://registry.npmjs.org/cosmiconfig/-/cosmiconfig-7.1.0.tgz. Extracting by manifest.
348 silly tarball no local data for oxc-resolver@https://registry.npmjs.org/oxc-resolver/-/oxc-resolver-11.16.3.tgz. Extracting by manifest.
349 silly tarball no local data for ts-prune@https://registry.npmjs.org/ts-prune/-/ts-prune-0.10.3.tgz. Extracting by manifest.
350 silly tarball no local data for knip@https://registry.npmjs.org/knip/-/knip-5.81.0.tgz. Extracting by manifest.
351 silly tarball no local data for formatly@https://registry.npmjs.org/formatly/-/formatly-0.3.0.tgz. Extracting by manifest.
352 silly tarball no local data for picomatch@https://registry.npmjs.org/picomatch/-/picomatch-4.0.3.tgz. Extracting by manifest.
353 silly tarball no local data for @oxc-resolver/binding-darwin-arm64@https://registry.npmjs.org/@oxc-resolver/binding-darwin-arm64/-/binding-darwin-arm64-11.16.3.tgz. Extracting by manifest.
354 silly tarball no local data for eslint-plugin-unused-imports@https://registry.npmjs.org/eslint-plugin-unused-imports/-/eslint-plugin-unused-imports-4.3.0.tgz. Extracting by manifest.
355 silly tarball no local data for glob-parent@https://registry.npmjs.org/glob-parent/-/glob-parent-5.1.2.tgz. Extracting by manifest.
356 silly tarball no local data for strip-json-comments@https://registry.npmjs.org/strip-json-comments/-/strip-json-comments-5.0.3.tgz. Extracting by manifest.
357 silly tarball no local data for fast-glob@https://registry.npmjs.org/fast-glob/-/fast-glob-3.3.3.tgz. Extracting by manifest.
358 http fetch GET 200 https://registry.npmjs.org/path-browserify/-/path-browserify-1.0.1.tgz 55ms (cache miss)
359 http fetch GET 200 https://registry.npmjs.org/error-ex/-/error-ex-1.3.4.tgz 60ms (cache miss)
360 http fetch GET 200 https://registry.npmjs.org/lines-and-columns/-/lines-and-columns-1.2.4.tgz 61ms (cache miss)
361 http fetch GET 200 https://registry.npmjs.org/code-block-writer/-/code-block-writer-11.0.3.tgz 61ms (cache miss)
362 http fetch GET 200 https://registry.npmjs.org/mkdirp/-/mkdirp-1.0.4.tgz 68ms (cache miss)
363 http fetch POST 200 https://registry.npmjs.org/-/npm/v1/security/advisories/bulk 235ms
364 silly audit report {
364 silly audit report   next: [
364 silly audit report     {
364 silly audit report       id: 1111374,
364 silly audit report       url: 'https://github.com/advisories/GHSA-w37m-7fhw-fmv9',
364 silly audit report       title: 'Next Server Actions Source Code Exposure ',
364 silly audit report       severity: 'moderate',
364 silly audit report       vulnerable_versions: '>=16.0.0-beta.0 <16.0.9',
364 silly audit report       cwe: [Array],
364 silly audit report       cvss: [Object]
364 silly audit report     },
364 silly audit report     {
364 silly audit report       id: 1111383,
364 silly audit report       url: 'https://github.com/advisories/GHSA-mwv6-3258-q52c',
364 silly audit report       title: 'Next Vulnerable to Denial of Service with Server Components',
364 silly audit report       severity: 'high',
364 silly audit report       vulnerable_versions: '>=16.0.0-beta.0 <16.0.9',
364 silly audit report       cwe: [Array],
364 silly audit report       cvss: [Object]
364 silly audit report     }
364 silly audit report   ]
364 silly audit report }
365 silly packumentCache corgi:https://registry.npmjs.org/next cache-miss
366 http fetch GET 200 https://registry.npmjs.org/is-arrayish/-/is-arrayish-0.2.1.tgz 230ms (cache miss)
367 http fetch GET 200 https://registry.npmjs.org/walk-up-path/-/walk-up-path-4.0.0.tgz 229ms (cache miss)
368 http fetch GET 200 https://registry.npmjs.org/fd-package-json/-/fd-package-json-2.0.0.tgz 229ms (cache miss)
369 http fetch GET 200 https://registry.npmjs.org/commander/-/commander-6.2.1.tgz 232ms (cache miss)
370 http fetch GET 200 https://registry.npmjs.org/oxc-resolver/-/oxc-resolver-11.16.3.tgz 233ms (cache miss)
371 http fetch GET 200 https://registry.npmjs.org/json-parse-even-better-errors/-/json-parse-even-better-errors-2.3.1.tgz 240ms (cache miss)
372 http fetch GET 200 https://registry.npmjs.org/smol-toml/-/smol-toml-1.6.0.tgz 239ms (cache miss)
373 http fetch GET 200 https://registry.npmjs.org/parse-json/-/parse-json-5.2.0.tgz 244ms (cache miss)
374 http fetch GET 200 https://registry.npmjs.org/cosmiconfig/-/cosmiconfig-7.1.0.tgz 249ms (cache miss)
375 http fetch GET 200 https://registry.npmjs.org/true-myth/-/true-myth-4.1.1.tgz 258ms (cache miss)
376 http fetch GET 200 https://registry.npmjs.org/yaml/-/yaml-1.10.2.tgz 267ms (cache miss)
377 http fetch GET 200 https://registry.npmjs.org/formatly/-/formatly-0.3.0.tgz 285ms (cache miss)
378 http fetch GET 200 https://registry.npmjs.org/@types/parse-json/-/parse-json-4.0.2.tgz 294ms (cache miss)
379 http fetch GET 200 https://registry.npmjs.org/path-type/-/path-type-4.0.0.tgz 293ms (cache miss)
380 http fetch GET 200 https://registry.npmjs.org/picomatch/-/picomatch-4.0.3.tgz 298ms (cache miss)
381 http fetch GET 200 https://registry.npmjs.org/eslint-plugin-unused-imports/-/eslint-plugin-unused-imports-4.3.0.tgz 303ms (cache miss)
382 http fetch GET 200 https://registry.npmjs.org/glob-parent/-/glob-parent-5.1.2.tgz 304ms (cache miss)
383 http fetch GET 200 https://registry.npmjs.org/ts-prune/-/ts-prune-0.10.3.tgz 307ms (cache miss)
384 http fetch GET 200 https://registry.npmjs.org/strip-json-comments/-/strip-json-comments-5.0.3.tgz 319ms (cache miss)
385 http fetch GET 200 https://registry.npmjs.org/ts-morph/-/ts-morph-13.0.3.tgz 331ms (cache miss)
386 http fetch GET 200 https://registry.npmjs.org/fast-glob/-/fast-glob-3.3.3.tgz 332ms (cache miss)
387 http fetch GET 200 https://registry.npmjs.org/lodash/-/lodash-4.17.21.tgz 360ms (cache miss)
388 http fetch GET 200 https://registry.npmjs.org/knip/-/knip-5.81.0.tgz 634ms (cache miss)
389 http fetch GET 200 https://registry.npmjs.org/next 565ms (cache miss)
390 silly packumentCache corgi:https://registry.npmjs.org/next set size:undefined disposed:false
391 silly packumentCache corgi:https://registry.npmjs.org/geist cache-miss
392 http fetch GET 200 https://registry.npmjs.org/@ts-morph/common/-/common-0.12.3.tgz 1036ms (cache miss)
393 http fetch GET 200 https://registry.npmjs.org/@oxc-resolver/binding-darwin-arm64/-/binding-darwin-arm64-11.16.3.tgz 1051ms (cache miss)
394 http fetch GET 200 https://registry.npmjs.org/geist 334ms (cache miss)
395 silly packumentCache corgi:https://registry.npmjs.org/geist set size:undefined disposed:false
396 silly ADD node_modules/path-browserify
397 silly ADD node_modules/mkdirp
398 silly ADD node_modules/code-block-writer
399 silly ADD node_modules/@ts-morph/common
400 silly ADD node_modules/is-arrayish
401 silly ADD node_modules/lines-and-columns
402 silly ADD node_modules/json-parse-even-better-errors
403 silly ADD node_modules/error-ex
404 silly ADD node_modules/yaml
405 silly ADD node_modules/path-type
406 silly ADD node_modules/parse-json
407 silly ADD node_modules/@types/parse-json
408 silly ADD node_modules/ts-morph
409 silly ADD node_modules/true-myth
410 silly ADD node_modules/lodash
411 silly ADD node_modules/cosmiconfig
412 silly ADD node_modules/commander
413 silly ADD node_modules/@oxc-resolver/binding-darwin-arm64
414 silly ADD node_modules/walk-up-path
415 silly ADD node_modules/fd-package-json
416 silly ADD node_modules/smol-toml
417 silly ADD node_modules/oxc-resolver
418 silly ADD node_modules/formatly
419 silly ADD node_modules/ts-prune
420 silly ADD node_modules/knip
421 silly ADD node_modules/knip/node_modules/glob-parent
422 silly ADD node_modules/knip/node_modules/strip-json-comments
423 silly ADD node_modules/knip/node_modules/picomatch
424 silly ADD node_modules/knip/node_modules/fast-glob
425 silly ADD node_modules/eslint-plugin-unused-imports
426 verbose cwd /Users/karelsovis/CursorBuilds/ClassCal_v2
427 verbose os Darwin 25.2.0
428 verbose node v24.11.1
429 verbose npm  v11.6.2
430 verbose exit 0
431 info ok
